2025-03-19T01:47:12.089Z [info]: Starting automatic weight saving every 60 seconds...
2025-03-19T01:47:12.129Z [info]: API server running at localhost:3001
2025-03-19T01:47:12.197Z [error]: Database connection failed: 
2025-03-19T01:47:12.199Z [error]: Failed to sync database: 
Stack trace: SequelizeConnectionRefusedError
    at ConnectionManager.connect (D:\xampp1\htdocs\mweight\node_modules\sequelize\lib\dialects\mysql\connection-manager.js:92:17)
    at process.processTicksAndRejections (node:internal/process/task_queues:95:5)
    at async ConnectionManager._connect (D:\xampp1\htdocs\mweight\node_modules\sequelize\lib\dialects\abstract\connection-manager.js:222:24)
    at async D:\xampp1\htdocs\mweight\node_modules\sequelize\lib\dialects\abstract\connection-manager.js:174:32
2025-03-19T01:47:24.943Z [info]: Client connected to WebSocket
2025-03-19T01:47:25.035Z [info]: Client connected to WebSocket
2025-03-19T01:47:25.064Z [info]: Client connected to WebSocket
2025-03-19T01:47:25.078Z [info]: Client connected to WebSocket
2025-03-19T01:47:25.115Z [info]: Client 1 disconnected.
2025-03-19T01:47:25.116Z [info]: Client disconnected from WebSocket
2025-03-19T01:47:25.192Z [error]: Error fetching weight history: Unknown database 'rhweight' 
Stack trace: SequelizeConnectionError: Unknown database 'rhweight'
    at ConnectionManager.connect (D:\xampp1\htdocs\mweight\node_modules\sequelize\lib\dialects\mysql\connection-manager.js:102:17)
    at process.processTicksAndRejections (node:internal/process/task_queues:95:5)
    at async ConnectionManager._connect (D:\xampp1\htdocs\mweight\node_modules\sequelize\lib\dialects\abstract\connection-manager.js:222:24)
    at async D:\xampp1\htdocs\mweight\node_modules\sequelize\lib\dialects\abstract\connection-manager.js:174:32
    at async ConnectionManager.getConnection (D:\xampp1\htdocs\mweight\node_modules\sequelize\lib\dialects\abstract\connection-manager.js:197:7)
    at async D:\xampp1\htdocs\mweight\node_modules\sequelize\lib\sequelize.js:305:26
    at async MySQLQueryInterface.select (D:\xampp1\htdocs\mweight\node_modules\sequelize\lib\dialects\abstract\query-interface.js:407:12)
    at async WeightLog.findAll (D:\xampp1\htdocs\mweight\node_modules\sequelize\lib\model.js:1140:21)
    at async exports.getWeightHistory (D:\xampp1\htdocs\mweight\backend\controllers\weightHistoryController.js:16:24)
2025-03-19T01:47:25.221Z [error]: Error fetching weight history: Unknown database 'rhweight' 
Stack trace: SequelizeConnectionError: Unknown database 'rhweight'
    at ConnectionManager.connect (D:\xampp1\htdocs\mweight\node_modules\sequelize\lib\dialects\mysql\connection-manager.js:102:17)
    at process.processTicksAndRejections (node:internal/process/task_queues:95:5)
    at async ConnectionManager._connect (D:\xampp1\htdocs\mweight\node_modules\sequelize\lib\dialects\abstract\connection-manager.js:222:24)
    at async D:\xampp1\htdocs\mweight\node_modules\sequelize\lib\dialects\abstract\connection-manager.js:174:32
    at async ConnectionManager.getConnection (D:\xampp1\htdocs\mweight\node_modules\sequelize\lib\dialects\abstract\connection-manager.js:197:7)
    at async D:\xampp1\htdocs\mweight\node_modules\sequelize\lib\sequelize.js:305:26
    at async MySQLQueryInterface.select (D:\xampp1\htdocs\mweight\node_modules\sequelize\lib\dialects\abstract\query-interface.js:407:12)
    at async WeightLog.findAll (D:\xampp1\htdocs\mweight\node_modules\sequelize\lib\model.js:1140:21)
    at async exports.getWeightHistory (D:\xampp1\htdocs\mweight\backend\controllers\weightHistoryController.js:16:24)
2025-03-19T01:47:25.952Z [error]: Error fetching weight history: Unknown database 'rhweight'
2025-03-19T01:47:25.953Z [error]: Error watching weight history: Unknown database 'rhweight'
2025-03-19T01:47:26.048Z [error]: Error fetching weight history: Unknown database 'rhweight'
2025-03-19T01:47:26.049Z [error]: Error watching weight history: Unknown database 'rhweight'
2025-03-19T01:47:26.097Z [error]: Error fetching weight history: Unknown database 'rhweight'
2025-03-19T01:47:26.098Z [error]: Error fetching weight history: Unknown database 'rhweight'
2025-03-19T01:47:26.098Z [error]: Error watching weight history: Unknown database 'rhweight'
2025-03-19T01:47:26.099Z [error]: Error watching weight history: Unknown database 'rhweight'
2025-03-19T01:47:26.959Z [error]: Error fetching weight history: Unknown database 'rhweight'
2025-03-19T01:47:26.959Z [error]: Error watching weight history: Unknown database 'rhweight'
2025-03-19T01:47:27.073Z [error]: Error fetching weight history: Unknown database 'rhweight'
2025-03-19T01:47:27.074Z [error]: Error watching weight history: Unknown database 'rhweight'
2025-03-19T01:47:27.107Z [error]: Error fetching weight history: Unknown database 'rhweight'
2025-03-19T01:47:27.108Z [error]: Error fetching weight history: Unknown database 'rhweight'
2025-03-19T01:47:27.108Z [error]: Error watching weight history: Unknown database 'rhweight'
2025-03-19T01:47:27.108Z [error]: Error watching weight history: Unknown database 'rhweight'
2025-03-19T01:47:27.974Z [error]: Error fetching weight history: Unknown database 'rhweight'
2025-03-19T01:47:27.975Z [error]: Error watching weight history: Unknown database 'rhweight'
2025-03-19T01:47:28.089Z [error]: Error fetching weight history: Unknown database 'rhweight'
2025-03-19T01:47:28.090Z [error]: Error watching weight history: Unknown database 'rhweight'
2025-03-19T01:47:28.111Z [error]: Error fetching weight history: Unknown database 'rhweight'
2025-03-19T01:47:28.111Z [error]: Error fetching weight history: Unknown database 'rhweight'
2025-03-19T01:47:28.112Z [error]: Error watching weight history: Unknown database 'rhweight'
2025-03-19T01:47:28.112Z [error]: Error watching weight history: Unknown database 'rhweight'
2025-03-19T01:47:28.979Z [error]: Error fetching weight history: Unknown database 'rhweight'
2025-03-19T01:47:28.980Z [error]: Error watching weight history: Unknown database 'rhweight'
2025-03-19T01:47:29.083Z [error]: Error fetching weight history: Unknown database 'rhweight'
2025-03-19T01:47:29.083Z [error]: Error watching weight history: Unknown database 'rhweight'
2025-03-19T01:47:29.116Z [error]: Error fetching weight history: Unknown database 'rhweight'
2025-03-19T01:47:29.116Z [error]: Error fetching weight history: Unknown database 'rhweight'
2025-03-19T01:47:29.117Z [error]: Error watching weight history: Unknown database 'rhweight'
2025-03-19T01:47:29.117Z [error]: Error watching weight history: Unknown database 'rhweight'
2025-03-19T01:47:29.989Z [error]: Error fetching weight history: Unknown database 'rhweight'
2025-03-19T01:47:29.989Z [error]: Error watching weight history: Unknown database 'rhweight'
2025-03-19T01:47:30.078Z [error]: Error fetching weight history: Unknown database 'rhweight' 
Stack trace: SequelizeConnectionError: Unknown database 'rhweight'
    at ConnectionManager.connect (D:\xampp1\htdocs\mweight\node_modules\sequelize\lib\dialects\mysql\connection-manager.js:102:17)
    at process.processTicksAndRejections (node:internal/process/task_queues:95:5)
    at async ConnectionManager._connect (D:\xampp1\htdocs\mweight\node_modules\sequelize\lib\dialects\abstract\connection-manager.js:222:24)
    at async D:\xampp1\htdocs\mweight\node_modules\sequelize\lib\dialects\abstract\connection-manager.js:174:32
2025-03-19T01:47:30.080Z [error]: Error fetching weight history: Unknown database 'rhweight'
2025-03-19T01:47:30.080Z [error]: Error watching weight history: Unknown database 'rhweight'
2025-03-19T01:47:30.123Z [error]: Error fetching weight history: Unknown database 'rhweight'
2025-03-19T01:47:30.124Z [error]: Error fetching weight history: Unknown database 'rhweight'
2025-03-19T01:47:30.124Z [error]: Error watching weight history: Unknown database 'rhweight'
2025-03-19T01:47:30.124Z [error]: Error watching weight history: Unknown database 'rhweight'
2025-03-19T01:47:30.991Z [error]: Error fetching weight history: Unknown database 'rhweight'
2025-03-19T01:47:30.991Z [error]: Error watching weight history: Unknown database 'rhweight'
2025-03-19T01:47:31.087Z [error]: Error fetching weight history: Unknown database 'rhweight'
2025-03-19T01:47:31.087Z [error]: Error watching weight history: Unknown database 'rhweight'
2025-03-19T01:47:31.128Z [error]: Error fetching weight history: Unknown database 'rhweight'
2025-03-19T01:47:31.129Z [error]: Error fetching weight history: Unknown database 'rhweight'
2025-03-19T01:47:31.129Z [error]: Error watching weight history: Unknown database 'rhweight'
2025-03-19T01:47:31.129Z [error]: Error watching weight history: Unknown database 'rhweight'
2025-03-19T01:47:32.004Z [error]: Error fetching weight history: Unknown database 'rhweight'
2025-03-19T01:47:32.005Z [error]: Error watching weight history: Unknown database 'rhweight'
2025-03-19T01:47:32.104Z [error]: Error fetching weight history: Unknown database 'rhweight'
2025-03-19T01:47:32.105Z [error]: Error watching weight history: Unknown database 'rhweight'
2025-03-19T01:47:32.130Z [error]: Error fetching weight history: Unknown database 'rhweight'
2025-03-19T01:47:32.131Z [error]: Error fetching weight history: Unknown database 'rhweight'
2025-03-19T01:47:32.131Z [error]: Error watching weight history: Unknown database 'rhweight'
2025-03-19T01:47:32.131Z [error]: Error watching weight history: Unknown database 'rhweight'
2025-03-19T01:47:33.005Z [error]: Error fetching weight history: Unknown database 'rhweight'
2025-03-19T01:47:33.005Z [error]: Error watching weight history: Unknown database 'rhweight'
2025-03-19T01:47:33.107Z [error]: Error fetching weight history: Unknown database 'rhweight'
2025-03-19T01:47:33.107Z [error]: Error watching weight history: Unknown database 'rhweight'
2025-03-19T01:47:33.140Z [error]: Error fetching weight history: Unknown database 'rhweight'
2025-03-19T01:47:33.140Z [error]: Error fetching weight history: Unknown database 'rhweight'
2025-03-19T01:47:33.140Z [error]: Error watching weight history: Unknown database 'rhweight'
2025-03-19T01:47:33.140Z [error]: Error watching weight history: Unknown database 'rhweight'
2025-03-19T01:47:34.009Z [error]: Error fetching weight history: Unknown database 'rhweight'
2025-03-19T01:47:34.009Z [error]: Error watching weight history: Unknown database 'rhweight'
2025-03-19T01:47:34.116Z [error]: Error fetching weight history: Unknown database 'rhweight'
2025-03-19T01:47:34.116Z [error]: Error watching weight history: Unknown database 'rhweight'
2025-03-19T01:47:34.146Z [error]: Error fetching weight history: Unknown database 'rhweight'
2025-03-19T01:47:34.146Z [error]: Error fetching weight history: Unknown database 'rhweight'
2025-03-19T01:47:34.146Z [error]: Error watching weight history: Unknown database 'rhweight'
2025-03-19T01:47:34.146Z [error]: Error watching weight history: Unknown database 'rhweight'
2025-03-19T01:47:35.040Z [error]: Error fetching weight history: Unknown database 'rhweight'
2025-03-19T01:47:35.040Z [error]: Error watching weight history: Unknown database 'rhweight'
2025-03-19T01:47:35.091Z [error]: Error fetching weight history: Unknown database 'rhweight' 
Stack trace: SequelizeConnectionError: Unknown database 'rhweight'
    at ConnectionManager.connect (D:\xampp1\htdocs\mweight\node_modules\sequelize\lib\dialects\mysql\connection-manager.js:102:17)
    at process.processTicksAndRejections (node:internal/process/task_queues:95:5)
    at async ConnectionManager._connect (D:\xampp1\htdocs\mweight\node_modules\sequelize\lib\dialects\abstract\connection-manager.js:222:24)
    at async D:\xampp1\htdocs\mweight\node_modules\sequelize\lib\dialects\abstract\connection-manager.js:174:32
    at async ConnectionManager.getConnection (D:\xampp1\htdocs\mweight\node_modules\sequelize\lib\dialects\abstract\connection-manager.js:197:7)
    at async D:\xampp1\htdocs\mweight\node_modules\sequelize\lib\sequelize.js:305:26
    at async MySQLQueryInterface.select (D:\xampp1\htdocs\mweight\node_modules\sequelize\lib\dialects\abstract\query-interface.js:407:12)
    at async WeightLog.findAll (D:\xampp1\htdocs\mweight\node_modules\sequelize\lib\model.js:1140:21)
    at async exports.getWeightHistory (D:\xampp1\htdocs\mweight\backend\controllers\weightHistoryController.js:16:24)
2025-03-19T01:47:35.129Z [error]: Error fetching weight history: Unknown database 'rhweight'
2025-03-19T01:47:35.129Z [error]: Error watching weight history: Unknown database 'rhweight'
2025-03-19T01:47:35.161Z [error]: Error fetching weight history: Unknown database 'rhweight'
2025-03-19T01:47:35.162Z [error]: Error fetching weight history: Unknown database 'rhweight'
2025-03-19T01:47:35.162Z [error]: Error watching weight history: Unknown database 'rhweight'
2025-03-19T01:47:35.162Z [error]: Error watching weight history: Unknown database 'rhweight'
2025-03-19T01:47:36.080Z [error]: Error fetching weight history: Unknown database 'rhweight'
2025-03-19T01:47:36.081Z [error]: Error watching weight history: Unknown database 'rhweight'
2025-03-19T01:47:36.117Z [error]: Error fetching weight history: Unknown database 'rhweight'
2025-03-19T01:47:36.117Z [error]: Error watching weight history: Unknown database 'rhweight'
2025-03-19T01:47:36.162Z [error]: Error fetching weight history: Unknown database 'rhweight'
2025-03-19T01:47:36.162Z [error]: Error fetching weight history: Unknown database 'rhweight'
2025-03-19T01:47:36.162Z [error]: Error watching weight history: Unknown database 'rhweight'
2025-03-19T01:47:36.162Z [error]: Error watching weight history: Unknown database 'rhweight'
2025-03-19T01:47:36.195Z [info]: Client 4 disconnected.
2025-03-19T01:47:36.195Z [info]: Client disconnected from WebSocket
2025-03-19T01:47:36.197Z [info]: Client 3 disconnected.
2025-03-19T01:47:36.197Z [info]: Client disconnected from WebSocket
2025-03-19T01:47:36.198Z [info]: Client 2 disconnected.
2025-03-19T01:47:36.198Z [info]: Client disconnected from WebSocket
2025-03-19T01:47:37.030Z [error]: Error fetching weight history: Unknown database 'rhweight'
2025-03-19T01:47:37.031Z [error]: Error watching weight history: Unknown database 'rhweight'
2025-03-19T01:47:37.122Z [error]: Error fetching weight history: Unknown database 'rhweight'
2025-03-19T01:47:37.123Z [error]: Error watching weight history: Unknown database 'rhweight'
2025-03-19T01:47:37.171Z [error]: Error fetching weight history: Unknown database 'rhweight'
2025-03-19T01:47:37.172Z [error]: Error fetching weight history: Unknown database 'rhweight'
2025-03-19T01:47:37.172Z [error]: Error watching weight history: Unknown database 'rhweight'
2025-03-19T01:47:37.172Z [error]: Error watching weight history: Unknown database 'rhweight'
2025-03-19T01:47:38.038Z [error]: Error fetching weight history: 
2025-03-19T01:47:38.038Z [error]: Error watching weight history: 
2025-03-19T01:47:38.131Z [error]: Error fetching weight history: 
2025-03-19T01:47:38.131Z [error]: Error watching weight history: 
2025-03-19T01:47:38.172Z [error]: Error fetching weight history: 
2025-03-19T01:47:38.172Z [error]: Error fetching weight history: 
2025-03-19T01:47:38.172Z [error]: Error watching weight history: 
2025-03-19T01:47:38.172Z [error]: Error watching weight history: 
2025-03-19T01:47:39.042Z [error]: Error fetching weight history: 
2025-03-19T01:47:39.042Z [error]: Error watching weight history: 
2025-03-19T01:47:39.131Z [error]: Error fetching weight history: 
2025-03-19T01:47:39.132Z [error]: Error watching weight history: 
2025-03-19T01:47:39.176Z [error]: Error fetching weight history: 
2025-03-19T01:47:39.176Z [error]: Error fetching weight history: 
2025-03-19T01:47:39.176Z [error]: Error watching weight history: 
2025-03-19T01:47:39.177Z [error]: Error watching weight history: 
2025-03-19T01:47:40.046Z [error]: Error fetching weight history: 
2025-03-19T01:47:40.047Z [error]: Error watching weight history: 
2025-03-19T01:47:40.139Z [error]: Error fetching weight history: 
2025-03-19T01:47:40.140Z [error]: Error watching weight history: 
2025-03-19T01:47:40.182Z [error]: Error fetching weight history: 
2025-03-19T01:47:40.184Z [error]: Error fetching weight history: 
2025-03-19T01:47:40.184Z [error]: Error watching weight history: 
2025-03-19T01:47:40.184Z [error]: Error watching weight history: 
2025-03-19T01:47:41.053Z [error]: Error fetching weight history: 
2025-03-19T01:47:41.053Z [error]: Error watching weight history: 
2025-03-19T01:47:41.142Z [error]: Error fetching weight history: 
2025-03-19T01:47:41.142Z [error]: Error watching weight history: 
2025-03-19T01:47:41.191Z [error]: Error fetching weight history: 
2025-03-19T01:47:41.193Z [error]: Error fetching weight history: 
2025-03-19T01:47:41.194Z [error]: Error watching weight history: 
2025-03-19T01:47:41.194Z [error]: Error watching weight history: 
2025-03-19T01:47:42.056Z [error]: Error fetching weight history: 
2025-03-19T01:47:42.057Z [error]: Error watching weight history: 
2025-03-19T01:47:42.146Z [error]: Error fetching weight history: 
2025-03-19T01:47:42.146Z [error]: Error watching weight history: 
2025-03-19T01:47:42.197Z [error]: Error fetching weight history: 
2025-03-19T01:47:42.198Z [error]: Error fetching weight history: 
2025-03-19T01:47:42.198Z [error]: Error watching weight history: 
2025-03-19T01:47:42.198Z [error]: Error watching weight history: 
2025-03-19T01:47:43.062Z [error]: Error fetching weight history: 
2025-03-19T01:47:43.063Z [error]: Error watching weight history: 
2025-03-19T01:47:43.153Z [error]: Error fetching weight history: 
2025-03-19T01:47:43.153Z [error]: Error watching weight history: 
2025-03-19T01:47:43.197Z [error]: Error fetching weight history: 
2025-03-19T01:47:43.197Z [error]: Error fetching weight history: 
2025-03-19T01:47:43.197Z [error]: Error watching weight history: 
2025-03-19T01:47:43.197Z [error]: Error watching weight history: 
2025-03-19T01:47:52.191Z [info]: Starting automatic weight saving every 60 seconds...
2025-03-19T01:47:52.213Z [info]: API server running at localhost:3001
2025-03-19T01:47:52.339Z [info]: Database connection successful!
2025-03-19T01:47:52.341Z [error]: Database connection failed: startAutomaticWeightSaving is not a function
2025-03-19T01:47:52.354Z [info]: Database has been synchronized.
2025-03-19T01:48:01.724Z [info]: Client connected to WebSocket
2025-03-19T01:48:01.827Z [info]: Client connected to WebSocket
2025-03-19T01:48:01.890Z [info]: Client connected to WebSocket
2025-03-19T01:48:01.928Z [info]: Client connected to WebSocket
2025-03-19T01:48:01.933Z [info]: Client 1 disconnected.
2025-03-19T01:48:01.934Z [info]: Client disconnected from WebSocket
2025-03-19T01:48:52.198Z [info]: Saving weight to database... Raw weight: ST,NT,+00000.0Kg
2025-03-19T01:48:52.199Z [info]: Received raw weight: ST,NT,+00000.0Kg
2025-03-19T01:48:52.230Z [info]: Data saved to database: {"timestamp":"2025-03-19T01:48:52.000Z","id":4803,"rawWeight":"ST,NT,+00000.0Kg","processedWeight":"0.0"}
2025-03-19T01:49:52.204Z [info]: Saving weight to database... Raw weight: ST,NT,+00000.0Kg
2025-03-19T01:49:52.205Z [info]: Received raw weight: ST,NT,+00000.0Kg
2025-03-19T01:49:52.217Z [info]: Data saved to database: {"timestamp":"2025-03-19T01:49:52.000Z","id":4804,"rawWeight":"ST,NT,+00000.0Kg","processedWeight":"0.0"}
2025-03-19T01:50:52.213Z [info]: Saving weight to database... Raw weight: ST,NT,+00000.0Kg
2025-03-19T01:50:52.213Z [info]: Received raw weight: ST,NT,+00000.0Kg
2025-03-19T01:50:52.264Z [info]: Data saved to database: {"timestamp":"2025-03-19T01:50:52.000Z","id":4805,"rawWeight":"ST,NT,+00000.0Kg","processedWeight":"0.0"}
2025-03-19T01:50:59.327Z [info]: Starting automatic weight saving every 60 seconds...
2025-03-19T01:50:59.354Z [info]: API server running at localhost:3001
2025-03-19T01:50:59.479Z [info]: Database connection successful!
2025-03-19T01:50:59.480Z [error]: Database connection failed: startAutomaticWeightSaving is not a function
2025-03-19T01:50:59.489Z [info]: Database has been synchronized.
2025-03-19T01:50:59.973Z [info]: Client connected to WebSocket
2025-03-19T01:50:59.986Z [info]: Client connected to WebSocket
2025-03-19T01:51:08.051Z [info]: Client 1 disconnected.
2025-03-19T01:51:08.053Z [info]: Client disconnected from WebSocket
2025-03-19T01:51:08.057Z [info]: Client 2 disconnected.
2025-03-19T01:51:08.057Z [info]: Client disconnected from WebSocket
2025-03-19T01:51:09.147Z [info]: Client connected to WebSocket
2025-03-19T01:51:09.237Z [info]: Client connected to WebSocket
2025-03-19T01:51:09.256Z [info]: Client connected to WebSocket
2025-03-19T01:51:09.277Z [info]: Client connected to WebSocket
2025-03-19T01:51:09.427Z [info]: Client 3 disconnected.
2025-03-19T01:51:09.428Z [info]: Client disconnected from WebSocket
2025-03-19T01:51:11.626Z [info]: Client connected to WebSocket
2025-03-19T01:51:11.846Z [info]: Client connected to WebSocket
2025-03-19T01:51:11.884Z [info]: Client connected to WebSocket
2025-03-19T01:51:12.025Z [info]: Client connected to WebSocket
2025-03-19T01:51:12.039Z [info]: Client 7 disconnected.
2025-03-19T01:51:12.040Z [info]: Client disconnected from WebSocket
2025-03-19T01:51:41.209Z [info]: Client 6 disconnected.
2025-03-19T01:51:41.210Z [info]: Client disconnected from WebSocket
2025-03-19T01:51:41.211Z [info]: Client 5 disconnected.
2025-03-19T01:51:41.211Z [info]: Client disconnected from WebSocket
2025-03-19T01:51:41.211Z [info]: Client 4 disconnected.
2025-03-19T01:51:41.212Z [info]: Client disconnected from WebSocket
2025-03-19T01:51:41.550Z [info]: Client connected to WebSocket
2025-03-19T01:51:41.589Z [info]: Client connected to WebSocket
2025-03-19T01:51:41.611Z [info]: Client connected to WebSocket
2025-03-19T01:51:41.649Z [info]: Client connected to WebSocket
2025-03-19T01:51:41.651Z [info]: Client 11 disconnected.
2025-03-19T01:51:41.651Z [info]: Client disconnected from WebSocket
2025-03-19T01:51:53.127Z [info]: Starting automatic weight saving every 60 seconds...
2025-03-19T01:51:53.153Z [info]: API server running at localhost:3001
2025-03-19T01:51:53.298Z [info]: Client connected to WebSocket
2025-03-19T01:51:53.311Z [info]: Client connected to WebSocket
2025-03-19T01:51:53.360Z [info]: Database connection successful!
2025-03-19T01:51:53.361Z [error]: Database connection failed: startAutomaticWeightSaving is not a function
2025-03-19T01:51:53.410Z [info]: Database has been synchronized.
2025-03-19T01:51:53.503Z [info]: Client connected to WebSocket
2025-03-19T01:51:53.518Z [info]: Client connected to WebSocket
2025-03-19T01:52:01.565Z [info]: Client connected to WebSocket
2025-03-19T01:52:01.657Z [info]: Client connected to WebSocket
2025-03-19T01:52:01.677Z [info]: Client connected to WebSocket
2025-03-19T01:52:01.694Z [info]: Client connected to WebSocket
2025-03-19T01:52:01.760Z [info]: Client 5 disconnected.
2025-03-19T01:52:01.761Z [info]: Client disconnected from WebSocket
2025-03-19T01:52:53.132Z [info]: Saving weight to database... Raw weight: ST,NT,+00000.0Kg
2025-03-19T01:52:53.133Z [info]: Received raw weight: ST,NT,+00000.0Kg
2025-03-19T01:52:53.183Z [info]: Data saved to database: {"timestamp":"2025-03-19T01:52:53.000Z","id":4806,"rawWeight":"ST,NT,+00000.0Kg","processedWeight":"0.0"}
2025-03-19T01:53:40.938Z [info]: Starting automatic weight saving every 60 seconds...
2025-03-19T01:53:40.970Z [info]: API server running at http://localhost:3001
2025-03-19T01:53:41.084Z [info]: Database connection successful!
2025-03-19T01:53:41.085Z [error]: Database connection failed: startAutomaticWeightSaving is not a function
2025-03-19T01:53:41.095Z [info]: Database has been synchronized.
2025-03-19T01:53:41.264Z [info]: Client connected to WebSocket
2025-03-19T01:53:41.275Z [info]: Client connected to WebSocket
2025-03-19T01:53:41.290Z [info]: Client connected to WebSocket
2025-03-19T01:53:41.305Z [info]: Client connected to WebSocket
2025-03-19T01:53:41.321Z [info]: Client connected to WebSocket
2025-03-19T01:53:41.336Z [info]: Client connected to WebSocket
2025-03-19T01:53:47.249Z [info]: Client 1 disconnected.
2025-03-19T01:53:47.250Z [info]: Client disconnected from WebSocket
2025-03-19T01:53:47.252Z [info]: Client 6 disconnected.
2025-03-19T01:53:47.252Z [info]: Client disconnected from WebSocket
2025-03-19T01:53:47.264Z [info]: Client 4 disconnected.
2025-03-19T01:53:47.264Z [info]: Client disconnected from WebSocket
2025-03-19T01:53:47.266Z [info]: Client 5 disconnected.
2025-03-19T01:53:47.266Z [info]: Client disconnected from WebSocket
2025-03-19T01:53:47.464Z [info]: Client 3 disconnected.
2025-03-19T01:53:47.464Z [info]: Client disconnected from WebSocket
2025-03-19T01:53:47.466Z [info]: Client 2 disconnected.
2025-03-19T01:53:47.466Z [info]: Client disconnected from WebSocket
2025-03-19T01:53:52.159Z [info]: Client connected to WebSocket
2025-03-19T01:53:52.251Z [info]: Client connected to WebSocket
2025-03-19T01:53:52.265Z [info]: Client connected to WebSocket
2025-03-19T01:53:52.290Z [info]: Client connected to WebSocket
2025-03-19T01:53:52.361Z [info]: Client 7 disconnected.
2025-03-19T01:53:52.361Z [info]: Client disconnected from WebSocket
2025-03-19T01:54:40.951Z [info]: Saving weight to database... Raw weight: ST,NT,+00000.0Kg
2025-03-19T01:54:40.952Z [info]: Received raw weight: ST,NT,+00000.0Kg
2025-03-19T01:54:40.972Z [info]: Data saved to database: {"timestamp":"2025-03-19T01:54:40.000Z","id":4807,"rawWeight":"ST,NT,+00000.0Kg","processedWeight":"0.0"}
2025-03-19T01:55:40.958Z [info]: Saving weight to database... Raw weight: ST,NT,+00000.0Kg
2025-03-19T01:55:40.959Z [info]: Received raw weight: ST,NT,+00000.0Kg
2025-03-19T01:55:40.969Z [info]: Data saved to database: {"timestamp":"2025-03-19T01:55:40.000Z","id":4808,"rawWeight":"ST,NT,+00000.0Kg","processedWeight":"0.0"}
2025-03-19T01:56:40.966Z [info]: Saving weight to database... Raw weight: ST,NT,+00000.0Kg
2025-03-19T01:56:40.968Z [info]: Received raw weight: ST,NT,+00000.0Kg
2025-03-19T01:56:40.981Z [info]: Data saved to database: {"timestamp":"2025-03-19T01:56:40.000Z","id":4809,"rawWeight":"ST,NT,+00000.0Kg","processedWeight":"0.0"}
2025-03-19T01:57:40.966Z [info]: Saving weight to database... Raw weight: ST,NT,+00000.0Kg
2025-03-19T01:57:40.966Z [info]: Received raw weight: ST,NT,+00000.0Kg
2025-03-19T01:57:41.023Z [info]: Data saved to database: {"timestamp":"2025-03-19T01:57:40.000Z","id":4810,"rawWeight":"ST,NT,+00000.0Kg","processedWeight":"0.0"}
2025-03-19T01:58:40.977Z [info]: Saving weight to database... Raw weight: ST,NT,+00000.0Kg
2025-03-19T01:58:40.980Z [info]: Received raw weight: ST,NT,+00000.0Kg
2025-03-19T01:58:41.090Z [info]: Data saved to database: {"timestamp":"2025-03-19T01:58:40.000Z","id":4811,"rawWeight":"ST,NT,+00000.0Kg","processedWeight":"0.0"}
2025-03-19T01:59:40.991Z [info]: Saving weight to database... Raw weight: ST,NT,+00000.0Kg
2025-03-19T01:59:40.991Z [info]: Received raw weight: ST,NT,+00000.0Kg
2025-03-19T01:59:41.005Z [info]: Data saved to database: {"timestamp":"2025-03-19T01:59:40.000Z","id":4812,"rawWeight":"ST,NT,+00000.0Kg","processedWeight":"0.0"}
2025-03-19T02:00:40.994Z [info]: Saving weight to database... Raw weight: ST,NT,+00000.0Kg
2025-03-19T02:00:40.997Z [info]: Received raw weight: ST,NT,+00000.0Kg
2025-03-19T02:00:41.006Z [info]: Data saved to database: {"timestamp":"2025-03-19T02:00:41.000Z","id":4813,"rawWeight":"ST,NT,+00000.0Kg","processedWeight":"0.0"}
2025-03-19T02:01:40.996Z [info]: Saving weight to database... Raw weight: ST,NT,+00000.0Kg
2025-03-19T02:01:40.998Z [info]: Received raw weight: ST,NT,+00000.0Kg
2025-03-19T02:01:41.069Z [info]: Data saved to database: {"timestamp":"2025-03-19T02:01:40.000Z","id":4814,"rawWeight":"ST,NT,+00000.0Kg","processedWeight":"0.0"}
2025-03-19T02:02:41.003Z [info]: Saving weight to database... Raw weight: ST,NT,+00000.0Kg
2025-03-19T02:02:41.003Z [info]: Received raw weight: ST,NT,+00000.0Kg
2025-03-19T02:02:41.062Z [info]: Data saved to database: {"timestamp":"2025-03-19T02:02:41.000Z","id":4815,"rawWeight":"ST,NT,+00000.0Kg","processedWeight":"0.0"}
2025-03-19T02:03:41.011Z [info]: Saving weight to database... Raw weight: ST,NT,+00000.0Kg
2025-03-19T02:03:41.014Z [info]: Received raw weight: ST,NT,+00000.0Kg
2025-03-19T02:03:41.024Z [info]: Data saved to database: {"timestamp":"2025-03-19T02:03:41.000Z","id":4816,"rawWeight":"ST,NT,+00000.0Kg","processedWeight":"0.0"}
2025-03-19T02:04:41.022Z [info]: Saving weight to database... Raw weight: ST,NT,+00000.0Kg
2025-03-19T02:04:41.023Z [info]: Received raw weight: ST,NT,+00000.0Kg
2025-03-19T02:04:41.033Z [info]: Data saved to database: {"timestamp":"2025-03-19T02:04:41.000Z","id":4817,"rawWeight":"ST,NT,+00000.0Kg","processedWeight":"0.0"}
2025-03-19T02:05:41.036Z [info]: Saving weight to database... Raw weight: ST,NT,+00000.0Kg
2025-03-19T02:05:41.036Z [info]: Received raw weight: ST,NT,+00000.0Kg
2025-03-19T02:05:41.056Z [info]: Data saved to database: {"timestamp":"2025-03-19T02:05:41.000Z","id":4818,"rawWeight":"ST,NT,+00000.0Kg","processedWeight":"0.0"}
2025-03-19T02:06:41.045Z [info]: Saving weight to database... Raw weight: ST,NT,+00000.0Kg
2025-03-19T02:06:41.045Z [info]: Received raw weight: ST,NT,+00000.0Kg
2025-03-19T02:06:41.058Z [info]: Data saved to database: {"timestamp":"2025-03-19T02:06:41.000Z","id":4819,"rawWeight":"ST,NT,+00000.0Kg","processedWeight":"0.0"}
2025-03-19T02:07:41.055Z [info]: Saving weight to database... Raw weight: T,NT,+00000.0Kg
2025-03-19T02:07:41.056Z [info]: Received raw weight: T,NT,+00000.0Kg
2025-03-19T02:07:41.090Z [info]: Data saved to database: {"timestamp":"2025-03-19T02:07:41.000Z","id":4820,"rawWeight":"T,NT,+00000.0Kg","processedWeight":"0.0"}
2025-03-19T02:08:41.057Z [info]: Saving weight to database... Raw weight: ST,NT,+00000.0Kg
2025-03-19T02:08:41.057Z [info]: Received raw weight: ST,NT,+00000.0Kg
2025-03-19T02:08:41.072Z [info]: Data saved to database: {"timestamp":"2025-03-19T02:08:41.000Z","id":4821,"rawWeight":"ST,NT,+00000.0Kg","processedWeight":"0.0"}
2025-03-19T02:09:41.069Z [info]: Saving weight to database... Raw weight: ST,NT,+00000.0Kg
2025-03-19T02:09:41.070Z [info]: Received raw weight: ST,NT,+00000.0Kg
2025-03-19T02:09:41.093Z [info]: Data saved to database: {"timestamp":"2025-03-19T02:09:41.000Z","id":4822,"rawWeight":"ST,NT,+00000.0Kg","processedWeight":"0.0"}
2025-03-19T02:10:41.071Z [info]: Saving weight to database... Raw weight: ST,NT,+00000.0Kg
2025-03-19T02:10:41.072Z [info]: Received raw weight: ST,NT,+00000.0Kg
2025-03-19T02:10:41.081Z [info]: Data saved to database: {"timestamp":"2025-03-19T02:10:41.000Z","id":4823,"rawWeight":"ST,NT,+00000.0Kg","processedWeight":"0.0"}
2025-03-19T02:11:41.079Z [info]: Saving weight to database... Raw weight: ST,NT,+00000.0Kg
2025-03-19T02:11:41.080Z [info]: Received raw weight: ST,NT,+00000.0Kg
2025-03-19T02:11:41.095Z [info]: Data saved to database: {"timestamp":"2025-03-19T02:11:41.000Z","id":4824,"rawWeight":"ST,NT,+00000.0Kg","processedWeight":"0.0"}
2025-03-19T02:12:41.090Z [info]: Saving weight to database... Raw weight: ST,NT,+00000.0Kg
2025-03-19T02:12:41.091Z [info]: Received raw weight: ST,NT,+00000.0Kg
2025-03-19T02:12:41.108Z [info]: Data saved to database: {"timestamp":"2025-03-19T02:12:41.000Z","id":4825,"rawWeight":"ST,NT,+00000.0Kg","processedWeight":"0.0"}
2025-03-19T02:13:41.098Z [info]: Saving weight to database... Raw weight: ST,NT,+00000.0Kg
2025-03-19T02:13:41.100Z [info]: Received raw weight: ST,NT,+00000.0Kg
2025-03-19T02:13:41.131Z [info]: Data saved to database: {"timestamp":"2025-03-19T02:13:41.000Z","id":4826,"rawWeight":"ST,NT,+00000.0Kg","processedWeight":"0.0"}
2025-03-19T02:14:41.098Z [info]: Saving weight to database... Raw weight: ST,NT,+00000.0Kg
2025-03-19T02:14:41.098Z [info]: Received raw weight: ST,NT,+00000.0Kg
2025-03-19T02:14:41.112Z [info]: Data saved to database: {"timestamp":"2025-03-19T02:14:41.000Z","id":4827,"rawWeight":"ST,NT,+00000.0Kg","processedWeight":"0.0"}
2025-03-19T02:15:41.100Z [info]: Saving weight to database... Raw weight: ST,NT,+00000.0Kg
2025-03-19T02:15:41.101Z [info]: Received raw weight: ST,NT,+00000.0Kg
2025-03-19T02:15:41.144Z [info]: Data saved to database: {"timestamp":"2025-03-19T02:15:41.000Z","id":4828,"rawWeight":"ST,NT,+00000.0Kg","processedWeight":"0.0"}
2025-03-19T02:16:41.112Z [info]: Saving weight to database... Raw weight: ST,NT,+00000.0Kg
2025-03-19T02:16:41.113Z [info]: Received raw weight: ST,NT,+00000.0Kg
2025-03-19T02:16:41.121Z [info]: Data saved to database: {"timestamp":"2025-03-19T02:16:41.000Z","id":4829,"rawWeight":"ST,NT,+00000.0Kg","processedWeight":"0.0"}
2025-03-19T02:17:41.120Z [info]: Saving weight to database... Raw weight: ST,NT,+00000.0Kg
2025-03-19T02:17:41.120Z [info]: Received raw weight: ST,NT,+00000.0Kg
2025-03-19T02:17:41.124Z [info]: Data saved to database: {"timestamp":"2025-03-19T02:17:41.000Z","id":4830,"rawWeight":"ST,NT,+00000.0Kg","processedWeight":"0.0"}
2025-03-19T02:18:41.124Z [info]: Saving weight to database... Raw weight: ST,NT,+00000.0Kg
2025-03-19T02:18:41.125Z [info]: Received raw weight: ST,NT,+00000.0Kg
2025-03-19T02:18:41.130Z [info]: Data saved to database: {"timestamp":"2025-03-19T02:18:41.000Z","id":4831,"rawWeight":"ST,NT,+00000.0Kg","processedWeight":"0.0"}
2025-03-19T02:19:41.126Z [info]: Saving weight to database... Raw weight: ST,NT,+00000.0Kg
2025-03-19T02:19:41.127Z [info]: Received raw weight: ST,NT,+00000.0Kg
2025-03-19T02:19:41.131Z [info]: Data saved to database: {"timestamp":"2025-03-19T02:19:41.000Z","id":4832,"rawWeight":"ST,NT,+00000.0Kg","processedWeight":"0.0"}
2025-03-19T02:20:41.141Z [info]: Saving weight to database... Raw weight: ST,NT,+00000.0Kg
2025-03-19T02:20:41.141Z [info]: Received raw weight: ST,NT,+00000.0Kg
2025-03-19T02:20:41.147Z [info]: Data saved to database: {"timestamp":"2025-03-19T02:20:41.000Z","id":4833,"rawWeight":"ST,NT,+00000.0Kg","processedWeight":"0.0"}
2025-03-19T02:21:41.145Z [info]: Saving weight to database... Raw weight: ST,NT,+00000.0Kg
2025-03-19T02:21:41.147Z [info]: Received raw weight: ST,NT,+00000.0Kg
2025-03-19T02:21:41.151Z [info]: Data saved to database: {"timestamp":"2025-03-19T02:21:41.000Z","id":4834,"rawWeight":"ST,NT,+00000.0Kg","processedWeight":"0.0"}
2025-03-19T02:22:41.152Z [info]: Saving weight to database... Raw weight: ST,NT,+00000.0Kg
2025-03-19T02:22:41.154Z [info]: Received raw weight: ST,NT,+00000.0Kg
2025-03-19T02:22:41.163Z [info]: Data saved to database: {"timestamp":"2025-03-19T02:22:41.000Z","id":4835,"rawWeight":"ST,NT,+00000.0Kg","processedWeight":"0.0"}
2025-03-19T02:23:41.152Z [info]: Saving weight to database... Raw weight: ST,NT,+00000.0Kg
2025-03-19T02:23:41.154Z [info]: Received raw weight: ST,NT,+00000.0Kg
2025-03-19T02:23:41.213Z [info]: Data saved to database: {"timestamp":"2025-03-19T02:23:41.000Z","id":4836,"rawWeight":"ST,NT,+00000.0Kg","processedWeight":"0.0"}
2025-03-19T02:24:41.159Z [info]: Saving weight to database... Raw weight: ST,NT,+00000.0Kg
2025-03-19T02:24:41.160Z [info]: Received raw weight: ST,NT,+00000.0Kg
2025-03-19T02:24:41.184Z [info]: Data saved to database: {"timestamp":"2025-03-19T02:24:41.000Z","id":4837,"rawWeight":"ST,NT,+00000.0Kg","processedWeight":"0.0"}
2025-03-19T02:25:41.159Z [info]: Saving weight to database... Raw weight: ST,NT,+00000.0Kg
2025-03-19T02:25:41.159Z [info]: Received raw weight: ST,NT,+00000.0Kg
2025-03-19T02:25:41.166Z [info]: Data saved to database: {"timestamp":"2025-03-19T02:25:41.000Z","id":4838,"rawWeight":"ST,NT,+00000.0Kg","processedWeight":"0.0"}
2025-03-19T02:26:41.165Z [info]: Saving weight to database... Raw weight: ST,NT,+00000.0Kg
2025-03-19T02:26:41.166Z [info]: Received raw weight: ST,NT,+00000.0Kg
2025-03-19T02:26:41.178Z [info]: Data saved to database: {"timestamp":"2025-03-19T02:26:41.000Z","id":4839,"rawWeight":"ST,NT,+00000.0Kg","processedWeight":"0.0"}
