2024-12-19T07:58:42.929Z [info]: Starting automatic weight saving every 60 seconds...
2024-12-19T07:58:42.949Z [info]: API server running at http://localhost:3001
2024-12-19T07:58:43.058Z [info]: Database connection successful!
2024-12-19T07:58:43.060Z [error]: Database connection failed: startAutomaticWeightSaving is not a function
2024-12-19T07:58:43.143Z [info]: Database has been synchronized.
2024-12-19T07:59:06.149Z [info]: Client connected to WebSocket
2024-12-19T07:59:42.933Z [info]: Saving weight to database... Raw weight: ST,NT,+00098.0Kg
2024-12-19T07:59:42.934Z [info]: Received raw weight: ST,NT,+00098.0Kg
2024-12-19T07:59:43.008Z [info]: Data saved to database: {"timestamp":"2024-12-19T07:59:42.000Z","id":890,"rawWeight":"ST,NT,+00098.0Kg","processedWeight":"98.0"}
2024-12-19T08:00:42.936Z [info]: Saving weight to database... Raw weight: ST,NT,+00097.5Kg
2024-12-19T08:00:42.937Z [info]: Received raw weight: ST,NT,+00097.5Kg
2024-12-19T08:00:42.946Z [info]: Data saved to database: {"timestamp":"2024-12-19T08:00:42.000Z","id":891,"rawWeight":"ST,NT,+00097.5Kg","processedWeight":"97.5"}
2024-12-19T08:01:42.945Z [info]: Saving weight to database... Raw weight: ST,NT,+00097.5Kg
2024-12-19T08:01:42.946Z [info]: Received raw weight: ST,NT,+00097.5Kg
2024-12-19T08:01:42.976Z [info]: Data saved to database: {"timestamp":"2024-12-19T08:01:42.000Z","id":892,"rawWeight":"ST,NT,+00097.5Kg","processedWeight":"97.5"}
2024-12-19T08:02:42.955Z [info]: Saving weight to database... Raw weight: ST,NT,+00097.5Kg
2024-12-19T08:02:42.955Z [info]: Received raw weight: ST,NT,+00097.5Kg
2024-12-19T08:02:42.977Z [info]: Data saved to database: {"timestamp":"2024-12-19T08:02:42.000Z","id":893,"rawWeight":"ST,NT,+00097.5Kg","processedWeight":"97.5"}
2024-12-19T08:03:42.955Z [info]: Saving weight to database... Raw weight: ST,NT,+00097.0Kg
2024-12-19T08:03:42.956Z [info]: Received raw weight: ST,NT,+00097.0Kg
2024-12-19T08:03:42.967Z [info]: Data saved to database: {"timestamp":"2024-12-19T08:03:42.000Z","id":894,"rawWeight":"ST,NT,+00097.0Kg","processedWeight":"97.0"}
2024-12-19T08:04:42.959Z [info]: Saving weight to database... Raw weight: ST,NT,+00097.0Kg
2024-12-19T08:04:42.960Z [info]: Received raw weight: ST,NT,+00097.0Kg
2024-12-19T08:04:42.978Z [info]: Data saved to database: {"timestamp":"2024-12-19T08:04:42.000Z","id":895,"rawWeight":"ST,NT,+00097.0Kg","processedWeight":"97.0"}
2024-12-19T08:05:42.970Z [info]: Saving weight to database... Raw weight: ST,NT,+00096.5Kg
2024-12-19T08:05:42.972Z [info]: Received raw weight: ST,NT,+00096.5Kg
2024-12-19T08:05:43.008Z [info]: Data saved to database: {"timestamp":"2024-12-19T08:05:42.000Z","id":896,"rawWeight":"ST,NT,+00096.5Kg","processedWeight":"96.5"}
2024-12-19T08:06:42.975Z [info]: Saving weight to database... Raw weight: ST,NT,+00096.5Kg
2024-12-19T08:06:42.976Z [info]: Received raw weight: ST,NT,+00096.5Kg
2024-12-19T08:06:42.988Z [info]: Data saved to database: {"timestamp":"2024-12-19T08:06:42.000Z","id":897,"rawWeight":"ST,NT,+00096.5Kg","processedWeight":"96.5"}
2024-12-19T08:07:02.987Z [info]: Client connected to WebSocket
2024-12-19T08:07:42.976Z [info]: Saving weight to database... Raw weight: ST,NT,+00096.5Kg
2024-12-19T08:07:42.976Z [info]: Received raw weight: ST,NT,+00096.5Kg
2024-12-19T08:07:42.997Z [info]: Data saved to database: {"timestamp":"2024-12-19T08:07:42.000Z","id":898,"rawWeight":"ST,NT,+00096.5Kg","processedWeight":"96.5"}
2024-12-19T08:08:33.640Z [info]: Client disconnected from WebSocket
2024-12-19T08:08:33.641Z [info]: Client disconnected from WebSocket
2024-12-19T08:08:34.038Z [info]: Client connected to WebSocket
2024-12-19T08:08:42.976Z [info]: Saving weight to database... Raw weight: ST,NT,+00096.0Kg
2024-12-19T08:08:42.977Z [info]: Received raw weight: ST,NT,+00096.0Kg
2024-12-19T08:08:42.998Z [info]: Data saved to database: {"timestamp":"2024-12-19T08:08:42.000Z","id":899,"rawWeight":"ST,NT,+00096.0Kg","processedWeight":"96.0"}
2024-12-19T08:09:42.980Z [info]: Saving weight to database... Raw weight: ST,NT,+00095.5Kg
2024-12-19T08:09:42.981Z [info]: Received raw weight: ST,NT,+00095.5Kg
2024-12-19T08:09:43.001Z [info]: Data saved to database: {"timestamp":"2024-12-19T08:09:42.000Z","id":900,"rawWeight":"ST,NT,+00095.5Kg","processedWeight":"95.5"}
2024-12-19T08:10:42.989Z [info]: Saving weight to database... Raw weight: ST,NT,+00095.5Kg
2024-12-19T08:10:42.989Z [info]: Received raw weight: ST,NT,+00095.5Kg
2024-12-19T08:10:43.020Z [info]: Data saved to database: {"timestamp":"2024-12-19T08:10:42.000Z","id":901,"rawWeight":"ST,NT,+00095.5Kg","processedWeight":"95.5"}
2024-12-19T08:11:42.994Z [info]: Saving weight to database... Raw weight: ST,NT,+00095.0Kg
2024-12-19T08:11:42.995Z [info]: Received raw weight: ST,NT,+00095.0Kg
2024-12-19T08:11:43.013Z [info]: Data saved to database: {"timestamp":"2024-12-19T08:11:42.000Z","id":902,"rawWeight":"ST,NT,+00095.0Kg","processedWeight":"95.0"}
2024-12-19T08:12:43.002Z [info]: Saving weight to database... Raw weight: ST,NT,+00095.0Kg
2024-12-19T08:12:43.003Z [info]: Received raw weight: ST,NT,+00095.0Kg
2024-12-19T08:12:43.015Z [info]: Data saved to database: {"timestamp":"2024-12-19T08:12:43.000Z","id":903,"rawWeight":"ST,NT,+00095.0Kg","processedWeight":"95.0"}
2024-12-19T08:13:43.004Z [info]: Saving weight to database... Raw weight: ST,NT,+00094.5Kg
2024-12-19T08:13:43.005Z [info]: Received raw weight: ST,NT,+00094.5Kg
2024-12-19T08:13:43.017Z [info]: Data saved to database: {"timestamp":"2024-12-19T08:13:43.000Z","id":904,"rawWeight":"ST,NT,+00094.5Kg","processedWeight":"94.5"}
2024-12-19T08:14:43.013Z [info]: Saving weight to database... Raw weight: ST,NT,+00094.5Kg
2024-12-19T08:14:43.014Z [info]: Received raw weight: ST,NT,+00094.5Kg
2024-12-19T08:14:43.038Z [info]: Data saved to database: {"timestamp":"2024-12-19T08:14:43.000Z","id":905,"rawWeight":"ST,NT,+00094.5Kg","processedWeight":"94.5"}
2024-12-19T08:15:43.013Z [info]: Saving weight to database... Raw weight: ST,NT,+00094.0Kg
2024-12-19T08:15:43.014Z [info]: Received raw weight: ST,NT,+00094.0Kg
2024-12-19T08:15:43.025Z [info]: Data saved to database: {"timestamp":"2024-12-19T08:15:43.000Z","id":906,"rawWeight":"ST,NT,+00094.0Kg","processedWeight":"94.0"}
2024-12-19T08:16:35.212Z [info]: Client connected to WebSocket
2024-12-19T08:16:35.312Z [info]: Client connected to WebSocket
2024-12-19T08:16:35.362Z [info]: Client connected to WebSocket
2024-12-19T08:16:35.412Z [info]: Client connected to WebSocket
2024-12-19T08:16:43.027Z [info]: Saving weight to database... Raw weight: ST,NT,+00094.0Kg
2024-12-19T08:16:43.027Z [info]: Received raw weight: ST,NT,+00094.0Kg
2024-12-19T08:16:43.091Z [info]: Data saved to database: {"timestamp":"2024-12-19T08:16:43.000Z","id":907,"rawWeight":"ST,NT,+00094.0Kg","processedWeight":"94.0"}
2024-12-19T08:17:43.033Z [info]: Saving weight to database... Raw weight: ST,NT,+00093.5Kg
2024-12-19T08:17:43.033Z [info]: Received raw weight: ST,NT,+00093.5Kg
2024-12-19T08:17:43.061Z [info]: Data saved to database: {"timestamp":"2024-12-19T08:17:43.000Z","id":908,"rawWeight":"ST,NT,+00093.5Kg","processedWeight":"93.5"}
2024-12-19T08:18:31.102Z [info]: Client disconnected from WebSocket
2024-12-19T08:18:31.282Z [info]: Client disconnected from WebSocket
2024-12-19T08:18:31.285Z [info]: Client disconnected from WebSocket
2024-12-19T08:18:31.366Z [info]: Client disconnected from WebSocket
2024-12-19T08:18:31.434Z [info]: Client disconnected from WebSocket
2024-12-19T08:20:47.050Z [info]: Starting automatic weight saving every 60 seconds...
2024-12-19T08:20:47.072Z [info]: API server running at http://localhost:3001
2024-12-19T08:20:47.231Z [info]: Database connection successful!
2024-12-19T08:20:47.233Z [error]: Database connection failed: startAutomaticWeightSaving is not a function
2024-12-19T08:20:47.250Z [info]: Database has been synchronized.
2024-12-19T08:20:53.801Z [info]: Client connected to WebSocket
