2025-04-27T17:00:30.745Z [info]: Auto saving skipped: Outside operating hours (07:00 - 22:00)
2025-04-27T17:01:30.746Z [info]: Auto saving skipped: Outside operating hours (07:00 - 22:00)
2025-04-27T17:02:30.750Z [info]: Auto saving skipped: Outside operating hours (07:00 - 22:00)
2025-04-27T17:03:30.752Z [info]: Auto saving skipped: Outside operating hours (07:00 - 22:00)
2025-04-27T17:04:30.767Z [info]: Auto saving skipped: Outside operating hours (07:00 - 22:00)
2025-04-27T17:05:30.785Z [info]: Auto saving skipped: Outside operating hours (07:00 - 22:00)
2025-04-27T17:06:30.799Z [info]: Auto saving skipped: Outside operating hours (07:00 - 22:00)
2025-04-27T17:07:30.801Z [info]: Auto saving skipped: Outside operating hours (07:00 - 22:00)
2025-04-27T17:08:30.806Z [info]: Auto saving skipped: Outside operating hours (07:00 - 22:00)
2025-04-27T17:09:30.814Z [info]: Auto saving skipped: Outside operating hours (07:00 - 22:00)
2025-04-27T17:10:30.828Z [info]: Auto saving skipped: Outside operating hours (07:00 - 22:00)
2025-04-27T17:11:30.849Z [info]: Auto saving skipped: Outside operating hours (07:00 - 22:00)
2025-04-27T17:12:30.860Z [info]: Auto saving skipped: Outside operating hours (07:00 - 22:00)
2025-04-27T17:13:30.872Z [info]: Auto saving skipped: Outside operating hours (07:00 - 22:00)
2025-04-27T17:14:30.874Z [info]: Auto saving skipped: Outside operating hours (07:00 - 22:00)
2025-04-27T17:15:30.874Z [info]: Auto saving skipped: Outside operating hours (07:00 - 22:00)
2025-04-27T17:16:30.879Z [info]: Auto saving skipped: Outside operating hours (07:00 - 22:00)
2025-04-27T17:17:30.881Z [info]: Auto saving skipped: Outside operating hours (07:00 - 22:00)
2025-04-27T17:18:30.891Z [info]: Auto saving skipped: Outside operating hours (07:00 - 22:00)
2025-04-27T17:19:30.892Z [info]: Auto saving skipped: Outside operating hours (07:00 - 22:00)
2025-04-27T17:20:30.902Z [info]: Auto saving skipped: Outside operating hours (07:00 - 22:00)
2025-04-27T17:21:30.922Z [info]: Auto saving skipped: Outside operating hours (07:00 - 22:00)
2025-04-27T17:22:30.941Z [info]: Auto saving skipped: Outside operating hours (07:00 - 22:00)
2025-04-27T17:23:30.946Z [info]: Auto saving skipped: Outside operating hours (07:00 - 22:00)
2025-04-27T17:24:30.949Z [info]: Auto saving skipped: Outside operating hours (07:00 - 22:00)
2025-04-27T17:25:30.950Z [info]: Auto saving skipped: Outside operating hours (07:00 - 22:00)
2025-04-27T17:26:30.951Z [info]: Auto saving skipped: Outside operating hours (07:00 - 22:00)
2025-04-27T17:27:30.956Z [info]: Auto saving skipped: Outside operating hours (07:00 - 22:00)
2025-04-27T17:28:30.964Z [info]: Auto saving skipped: Outside operating hours (07:00 - 22:00)
2025-04-27T17:29:30.965Z [info]: Auto saving skipped: Outside operating hours (07:00 - 22:00)
2025-04-27T17:30:30.964Z [info]: Auto saving skipped: Outside operating hours (07:00 - 22:00)
2025-04-27T17:31:30.966Z [info]: Auto saving skipped: Outside operating hours (07:00 - 22:00)
2025-04-27T17:32:30.983Z [info]: Auto saving skipped: Outside operating hours (07:00 - 22:00)
2025-04-27T17:33:30.997Z [info]: Auto saving skipped: Outside operating hours (07:00 - 22:00)
2025-04-27T17:34:31.003Z [info]: Auto saving skipped: Outside operating hours (07:00 - 22:00)
2025-04-27T17:35:31.021Z [info]: Auto saving skipped: Outside operating hours (07:00 - 22:00)
2025-04-27T17:36:31.023Z [info]: Auto saving skipped: Outside operating hours (07:00 - 22:00)
2025-04-27T17:37:31.027Z [info]: Auto saving skipped: Outside operating hours (07:00 - 22:00)
2025-04-27T17:38:31.034Z [info]: Auto saving skipped: Outside operating hours (07:00 - 22:00)
2025-04-27T17:39:31.044Z [info]: Auto saving skipped: Outside operating hours (07:00 - 22:00)
2025-04-27T17:40:31.063Z [info]: Auto saving skipped: Outside operating hours (07:00 - 22:00)
2025-04-27T17:41:31.081Z [info]: Auto saving skipped: Outside operating hours (07:00 - 22:00)
2025-04-27T17:42:31.084Z [info]: Auto saving skipped: Outside operating hours (07:00 - 22:00)
2025-04-27T17:43:31.081Z [info]: Auto saving skipped: Outside operating hours (07:00 - 22:00)
2025-04-27T17:44:31.101Z [info]: Auto saving skipped: Outside operating hours (07:00 - 22:00)
2025-04-27T17:45:31.115Z [info]: Auto saving skipped: Outside operating hours (07:00 - 22:00)
2025-04-27T17:46:31.128Z [info]: Auto saving skipped: Outside operating hours (07:00 - 22:00)
2025-04-27T17:47:31.145Z [info]: Auto saving skipped: Outside operating hours (07:00 - 22:00)
2025-04-27T17:48:31.156Z [info]: Auto saving skipped: Outside operating hours (07:00 - 22:00)
2025-04-27T17:49:31.162Z [info]: Auto saving skipped: Outside operating hours (07:00 - 22:00)
2025-04-27T17:50:31.175Z [info]: Auto saving skipped: Outside operating hours (07:00 - 22:00)
2025-04-27T17:51:31.188Z [info]: Auto saving skipped: Outside operating hours (07:00 - 22:00)
2025-04-27T17:52:31.182Z [info]: Auto saving skipped: Outside operating hours (07:00 - 22:00)
2025-04-27T17:53:31.207Z [info]: Auto saving skipped: Outside operating hours (07:00 - 22:00)
2025-04-27T17:54:31.228Z [info]: Auto saving skipped: Outside operating hours (07:00 - 22:00)
2025-04-27T17:55:31.245Z [info]: Auto saving skipped: Outside operating hours (07:00 - 22:00)
2025-04-27T17:56:31.244Z [info]: Auto saving skipped: Outside operating hours (07:00 - 22:00)
2025-04-27T17:57:31.257Z [info]: Auto saving skipped: Outside operating hours (07:00 - 22:00)
2025-04-27T17:58:31.264Z [info]: Auto saving skipped: Outside operating hours (07:00 - 22:00)
2025-04-27T17:59:31.277Z [info]: Auto saving skipped: Outside operating hours (07:00 - 22:00)
2025-04-27T18:00:31.285Z [info]: Auto saving skipped: Outside operating hours (07:00 - 22:00)
2025-04-27T18:01:31.289Z [info]: Auto saving skipped: Outside operating hours (07:00 - 22:00)
2025-04-27T18:02:31.290Z [info]: Auto saving skipped: Outside operating hours (07:00 - 22:00)
2025-04-27T18:03:31.304Z [info]: Auto saving skipped: Outside operating hours (07:00 - 22:00)
2025-04-27T18:04:31.317Z [info]: Auto saving skipped: Outside operating hours (07:00 - 22:00)
2025-04-27T18:05:31.318Z [info]: Auto saving skipped: Outside operating hours (07:00 - 22:00)
2025-04-27T18:06:31.319Z [info]: Auto saving skipped: Outside operating hours (07:00 - 22:00)
2025-04-27T18:07:31.331Z [info]: Auto saving skipped: Outside operating hours (07:00 - 22:00)
2025-04-27T18:08:31.327Z [info]: Auto saving skipped: Outside operating hours (07:00 - 22:00)
2025-04-27T18:09:31.349Z [info]: Auto saving skipped: Outside operating hours (07:00 - 22:00)
2025-04-27T18:10:31.359Z [info]: Auto saving skipped: Outside operating hours (07:00 - 22:00)
2025-04-27T18:11:31.359Z [info]: Auto saving skipped: Outside operating hours (07:00 - 22:00)
2025-04-27T18:12:31.354Z [info]: Auto saving skipped: Outside operating hours (07:00 - 22:00)
2025-04-27T18:13:31.377Z [info]: Auto saving skipped: Outside operating hours (07:00 - 22:00)
2025-04-27T18:14:31.379Z [info]: Auto saving skipped: Outside operating hours (07:00 - 22:00)
2025-04-27T18:15:31.378Z [info]: Auto saving skipped: Outside operating hours (07:00 - 22:00)
2025-04-27T18:16:31.383Z [info]: Auto saving skipped: Outside operating hours (07:00 - 22:00)
2025-04-27T18:17:31.396Z [info]: Auto saving skipped: Outside operating hours (07:00 - 22:00)
2025-04-27T18:18:31.399Z [info]: Auto saving skipped: Outside operating hours (07:00 - 22:00)
2025-04-27T18:19:31.408Z [info]: Auto saving skipped: Outside operating hours (07:00 - 22:00)
2025-04-27T18:20:31.419Z [info]: Auto saving skipped: Outside operating hours (07:00 - 22:00)
2025-04-27T18:21:31.431Z [info]: Auto saving skipped: Outside operating hours (07:00 - 22:00)
2025-04-27T18:22:31.434Z [info]: Auto saving skipped: Outside operating hours (07:00 - 22:00)
2025-04-27T18:23:31.448Z [info]: Auto saving skipped: Outside operating hours (07:00 - 22:00)
2025-04-27T18:24:31.449Z [info]: Auto saving skipped: Outside operating hours (07:00 - 22:00)
2025-04-27T18:25:31.449Z [info]: Auto saving skipped: Outside operating hours (07:00 - 22:00)
2025-04-27T18:26:31.463Z [info]: Auto saving skipped: Outside operating hours (07:00 - 22:00)
2025-04-27T18:27:31.463Z [info]: Auto saving skipped: Outside operating hours (07:00 - 22:00)
2025-04-27T18:28:31.471Z [info]: Auto saving skipped: Outside operating hours (07:00 - 22:00)
2025-04-27T18:29:31.490Z [info]: Auto saving skipped: Outside operating hours (07:00 - 22:00)
2025-04-27T18:30:31.500Z [info]: Auto saving skipped: Outside operating hours (07:00 - 22:00)
2025-04-27T18:31:31.512Z [info]: Auto saving skipped: Outside operating hours (07:00 - 22:00)
2025-04-27T18:32:31.530Z [info]: Auto saving skipped: Outside operating hours (07:00 - 22:00)
2025-04-27T18:33:31.524Z [info]: Auto saving skipped: Outside operating hours (07:00 - 22:00)
2025-04-27T18:34:31.539Z [info]: Auto saving skipped: Outside operating hours (07:00 - 22:00)
2025-04-27T18:35:31.551Z [info]: Auto saving skipped: Outside operating hours (07:00 - 22:00)
2025-04-27T18:36:31.575Z [info]: Auto saving skipped: Outside operating hours (07:00 - 22:00)
2025-04-27T18:37:31.581Z [info]: Auto saving skipped: Outside operating hours (07:00 - 22:00)
2025-04-27T18:38:31.591Z [info]: Auto saving skipped: Outside operating hours (07:00 - 22:00)
2025-04-27T18:39:31.598Z [info]: Auto saving skipped: Outside operating hours (07:00 - 22:00)
2025-04-27T18:40:31.621Z [info]: Auto saving skipped: Outside operating hours (07:00 - 22:00)
2025-04-27T18:41:31.621Z [info]: Auto saving skipped: Outside operating hours (07:00 - 22:00)
2025-04-27T18:42:31.627Z [info]: Auto saving skipped: Outside operating hours (07:00 - 22:00)
2025-04-27T18:43:31.648Z [info]: Auto saving skipped: Outside operating hours (07:00 - 22:00)
2025-04-27T18:44:31.656Z [info]: Auto saving skipped: Outside operating hours (07:00 - 22:00)
2025-04-27T18:45:31.667Z [info]: Auto saving skipped: Outside operating hours (07:00 - 22:00)
2025-04-27T18:46:31.677Z [info]: Auto saving skipped: Outside operating hours (07:00 - 22:00)
2025-04-27T18:47:31.685Z [info]: Auto saving skipped: Outside operating hours (07:00 - 22:00)
2025-04-27T18:48:31.693Z [info]: Auto saving skipped: Outside operating hours (07:00 - 22:00)
2025-04-27T18:49:31.692Z [info]: Auto saving skipped: Outside operating hours (07:00 - 22:00)
2025-04-27T18:50:31.707Z [info]: Auto saving skipped: Outside operating hours (07:00 - 22:00)
2025-04-27T18:51:31.727Z [info]: Auto saving skipped: Outside operating hours (07:00 - 22:00)
2025-04-27T18:52:31.736Z [info]: Auto saving skipped: Outside operating hours (07:00 - 22:00)
2025-04-27T18:53:31.745Z [info]: Auto saving skipped: Outside operating hours (07:00 - 22:00)
2025-04-27T18:54:31.755Z [info]: Auto saving skipped: Outside operating hours (07:00 - 22:00)
2025-04-27T18:55:31.757Z [info]: Auto saving skipped: Outside operating hours (07:00 - 22:00)
2025-04-27T18:56:31.765Z [info]: Auto saving skipped: Outside operating hours (07:00 - 22:00)
2025-04-27T18:57:31.765Z [info]: Auto saving skipped: Outside operating hours (07:00 - 22:00)
2025-04-27T18:58:31.773Z [info]: Auto saving skipped: Outside operating hours (07:00 - 22:00)
2025-04-27T18:59:31.773Z [info]: Auto saving skipped: Outside operating hours (07:00 - 22:00)
2025-04-27T19:00:31.783Z [info]: Auto saving skipped: Outside operating hours (07:00 - 22:00)
2025-04-27T19:01:31.792Z [info]: Auto saving skipped: Outside operating hours (07:00 - 22:00)
2025-04-27T19:02:31.796Z [info]: Auto saving skipped: Outside operating hours (07:00 - 22:00)
2025-04-27T19:03:31.810Z [info]: Auto saving skipped: Outside operating hours (07:00 - 22:00)
2025-04-27T19:04:31.810Z [info]: Auto saving skipped: Outside operating hours (07:00 - 22:00)
2025-04-27T19:05:31.815Z [info]: Auto saving skipped: Outside operating hours (07:00 - 22:00)
2025-04-27T19:06:31.828Z [info]: Auto saving skipped: Outside operating hours (07:00 - 22:00)
2025-04-27T19:07:31.827Z [info]: Auto saving skipped: Outside operating hours (07:00 - 22:00)
2025-04-27T19:08:31.838Z [info]: Auto saving skipped: Outside operating hours (07:00 - 22:00)
2025-04-27T19:09:31.845Z [info]: Auto saving skipped: Outside operating hours (07:00 - 22:00)
2025-04-27T19:10:31.865Z [info]: Auto saving skipped: Outside operating hours (07:00 - 22:00)
2025-04-27T19:11:31.878Z [info]: Auto saving skipped: Outside operating hours (07:00 - 22:00)
2025-04-27T19:12:31.888Z [info]: Auto saving skipped: Outside operating hours (07:00 - 22:00)
2025-04-27T19:13:31.902Z [info]: Auto saving skipped: Outside operating hours (07:00 - 22:00)
2025-04-27T19:14:31.904Z [info]: Auto saving skipped: Outside operating hours (07:00 - 22:00)
2025-04-27T19:15:31.905Z [info]: Auto saving skipped: Outside operating hours (07:00 - 22:00)
2025-04-27T19:16:31.907Z [info]: Auto saving skipped: Outside operating hours (07:00 - 22:00)
2025-04-27T19:17:31.930Z [info]: Auto saving skipped: Outside operating hours (07:00 - 22:00)
2025-04-27T19:18:31.935Z [info]: Auto saving skipped: Outside operating hours (07:00 - 22:00)
2025-04-27T19:19:31.962Z [info]: Auto saving skipped: Outside operating hours (07:00 - 22:00)
2025-04-27T19:20:31.976Z [info]: Auto saving skipped: Outside operating hours (07:00 - 22:00)
2025-04-27T19:21:31.979Z [info]: Auto saving skipped: Outside operating hours (07:00 - 22:00)
2025-04-27T19:22:32.001Z [info]: Auto saving skipped: Outside operating hours (07:00 - 22:00)
2025-04-27T19:23:32.008Z [info]: Auto saving skipped: Outside operating hours (07:00 - 22:00)
2025-04-27T19:24:32.019Z [info]: Auto saving skipped: Outside operating hours (07:00 - 22:00)
2025-04-27T19:25:32.021Z [info]: Auto saving skipped: Outside operating hours (07:00 - 22:00)
2025-04-27T19:26:32.029Z [info]: Auto saving skipped: Outside operating hours (07:00 - 22:00)
2025-04-27T19:27:32.033Z [info]: Auto saving skipped: Outside operating hours (07:00 - 22:00)
2025-04-27T19:28:32.045Z [info]: Auto saving skipped: Outside operating hours (07:00 - 22:00)
2025-04-27T19:29:32.055Z [info]: Auto saving skipped: Outside operating hours (07:00 - 22:00)
2025-04-27T19:30:32.063Z [info]: Auto saving skipped: Outside operating hours (07:00 - 22:00)
2025-04-27T19:31:32.085Z [info]: Auto saving skipped: Outside operating hours (07:00 - 22:00)
2025-04-27T19:32:32.085Z [info]: Auto saving skipped: Outside operating hours (07:00 - 22:00)
2025-04-27T19:33:32.094Z [info]: Auto saving skipped: Outside operating hours (07:00 - 22:00)
2025-04-27T19:34:32.095Z [info]: Auto saving skipped: Outside operating hours (07:00 - 22:00)
2025-04-27T19:35:32.108Z [info]: Auto saving skipped: Outside operating hours (07:00 - 22:00)
2025-04-27T19:36:32.121Z [info]: Auto saving skipped: Outside operating hours (07:00 - 22:00)
2025-04-27T19:37:32.125Z [info]: Auto saving skipped: Outside operating hours (07:00 - 22:00)
2025-04-27T19:38:32.131Z [info]: Auto saving skipped: Outside operating hours (07:00 - 22:00)
2025-04-27T19:39:32.133Z [info]: Auto saving skipped: Outside operating hours (07:00 - 22:00)
2025-04-27T19:40:32.134Z [info]: Auto saving skipped: Outside operating hours (07:00 - 22:00)
2025-04-27T19:41:32.153Z [info]: Auto saving skipped: Outside operating hours (07:00 - 22:00)
2025-04-27T19:42:32.157Z [info]: Auto saving skipped: Outside operating hours (07:00 - 22:00)
2025-04-27T19:43:32.164Z [info]: Auto saving skipped: Outside operating hours (07:00 - 22:00)
2025-04-27T19:44:32.170Z [info]: Auto saving skipped: Outside operating hours (07:00 - 22:00)
2025-04-27T19:45:32.170Z [info]: Auto saving skipped: Outside operating hours (07:00 - 22:00)
2025-04-27T19:46:32.185Z [info]: Auto saving skipped: Outside operating hours (07:00 - 22:00)
2025-04-27T19:47:32.190Z [info]: Auto saving skipped: Outside operating hours (07:00 - 22:00)
2025-04-27T19:48:32.214Z [info]: Auto saving skipped: Outside operating hours (07:00 - 22:00)
2025-04-27T19:49:32.231Z [info]: Auto saving skipped: Outside operating hours (07:00 - 22:00)
2025-04-27T19:50:32.236Z [info]: Auto saving skipped: Outside operating hours (07:00 - 22:00)
2025-04-27T19:51:32.240Z [info]: Auto saving skipped: Outside operating hours (07:00 - 22:00)
2025-04-27T19:52:32.252Z [info]: Auto saving skipped: Outside operating hours (07:00 - 22:00)
2025-04-27T19:53:32.262Z [info]: Auto saving skipped: Outside operating hours (07:00 - 22:00)
2025-04-27T19:54:32.274Z [info]: Auto saving skipped: Outside operating hours (07:00 - 22:00)
2025-04-27T19:55:32.297Z [info]: Auto saving skipped: Outside operating hours (07:00 - 22:00)
2025-04-27T19:56:32.308Z [info]: Auto saving skipped: Outside operating hours (07:00 - 22:00)
2025-04-27T19:57:32.315Z [info]: Auto saving skipped: Outside operating hours (07:00 - 22:00)
2025-04-27T19:58:32.328Z [info]: Auto saving skipped: Outside operating hours (07:00 - 22:00)
2025-04-27T19:59:32.331Z [info]: Auto saving skipped: Outside operating hours (07:00 - 22:00)
2025-04-27T20:00:32.335Z [info]: Auto saving skipped: Outside operating hours (07:00 - 22:00)
2025-04-27T20:01:32.340Z [info]: Auto saving skipped: Outside operating hours (07:00 - 22:00)
2025-04-27T20:02:32.340Z [info]: Auto saving skipped: Outside operating hours (07:00 - 22:00)
2025-04-27T20:03:32.342Z [info]: Auto saving skipped: Outside operating hours (07:00 - 22:00)
2025-04-27T20:04:32.349Z [info]: Auto saving skipped: Outside operating hours (07:00 - 22:00)
2025-04-27T20:05:32.350Z [info]: Auto saving skipped: Outside operating hours (07:00 - 22:00)
2025-04-27T20:06:32.353Z [info]: Auto saving skipped: Outside operating hours (07:00 - 22:00)
2025-04-27T20:07:32.356Z [info]: Auto saving skipped: Outside operating hours (07:00 - 22:00)
2025-04-27T20:08:32.371Z [info]: Auto saving skipped: Outside operating hours (07:00 - 22:00)
2025-04-27T20:09:32.379Z [info]: Auto saving skipped: Outside operating hours (07:00 - 22:00)
2025-04-27T20:10:32.381Z [info]: Auto saving skipped: Outside operating hours (07:00 - 22:00)
2025-04-27T20:11:32.382Z [info]: Auto saving skipped: Outside operating hours (07:00 - 22:00)
2025-04-27T20:12:32.392Z [info]: Auto saving skipped: Outside operating hours (07:00 - 22:00)
2025-04-27T20:13:32.400Z [info]: Auto saving skipped: Outside operating hours (07:00 - 22:00)
2025-04-27T20:14:32.403Z [info]: Auto saving skipped: Outside operating hours (07:00 - 22:00)
2025-04-27T20:15:32.416Z [info]: Auto saving skipped: Outside operating hours (07:00 - 22:00)
2025-04-27T20:16:32.428Z [info]: Auto saving skipped: Outside operating hours (07:00 - 22:00)
2025-04-27T20:17:32.438Z [info]: Auto saving skipped: Outside operating hours (07:00 - 22:00)
2025-04-27T20:18:32.440Z [info]: Auto saving skipped: Outside operating hours (07:00 - 22:00)
2025-04-27T20:19:32.447Z [info]: Auto saving skipped: Outside operating hours (07:00 - 22:00)
2025-04-27T20:20:32.448Z [info]: Auto saving skipped: Outside operating hours (07:00 - 22:00)
2025-04-27T20:21:32.453Z [info]: Auto saving skipped: Outside operating hours (07:00 - 22:00)
2025-04-27T20:22:32.458Z [info]: Auto saving skipped: Outside operating hours (07:00 - 22:00)
2025-04-27T20:23:32.463Z [info]: Auto saving skipped: Outside operating hours (07:00 - 22:00)
2025-04-27T20:24:32.462Z [info]: Auto saving skipped: Outside operating hours (07:00 - 22:00)
2025-04-27T20:25:32.464Z [info]: Auto saving skipped: Outside operating hours (07:00 - 22:00)
2025-04-27T20:26:32.471Z [info]: Auto saving skipped: Outside operating hours (07:00 - 22:00)
2025-04-27T20:27:32.487Z [info]: Auto saving skipped: Outside operating hours (07:00 - 22:00)
2025-04-27T20:28:32.508Z [info]: Auto saving skipped: Outside operating hours (07:00 - 22:00)
2025-04-27T20:29:32.515Z [info]: Auto saving skipped: Outside operating hours (07:00 - 22:00)
2025-04-27T20:30:32.524Z [info]: Auto saving skipped: Outside operating hours (07:00 - 22:00)
2025-04-27T20:31:32.530Z [info]: Auto saving skipped: Outside operating hours (07:00 - 22:00)
2025-04-27T20:32:32.534Z [info]: Auto saving skipped: Outside operating hours (07:00 - 22:00)
2025-04-27T20:33:32.534Z [info]: Auto saving skipped: Outside operating hours (07:00 - 22:00)
2025-04-27T20:34:32.539Z [info]: Auto saving skipped: Outside operating hours (07:00 - 22:00)
2025-04-27T20:35:32.539Z [info]: Auto saving skipped: Outside operating hours (07:00 - 22:00)
2025-04-27T20:36:32.554Z [info]: Auto saving skipped: Outside operating hours (07:00 - 22:00)
2025-04-27T20:37:32.558Z [info]: Auto saving skipped: Outside operating hours (07:00 - 22:00)
2025-04-27T20:38:32.571Z [info]: Auto saving skipped: Outside operating hours (07:00 - 22:00)
2025-04-27T20:39:32.576Z [info]: Auto saving skipped: Outside operating hours (07:00 - 22:00)
2025-04-27T20:40:32.583Z [info]: Auto saving skipped: Outside operating hours (07:00 - 22:00)
2025-04-27T20:41:32.587Z [info]: Auto saving skipped: Outside operating hours (07:00 - 22:00)
2025-04-27T20:42:32.596Z [info]: Auto saving skipped: Outside operating hours (07:00 - 22:00)
2025-04-27T20:43:32.596Z [info]: Auto saving skipped: Outside operating hours (07:00 - 22:00)
2025-04-27T20:44:32.609Z [info]: Auto saving skipped: Outside operating hours (07:00 - 22:00)
2025-04-27T20:45:32.627Z [info]: Auto saving skipped: Outside operating hours (07:00 - 22:00)
2025-04-27T20:46:32.631Z [info]: Auto saving skipped: Outside operating hours (07:00 - 22:00)
2025-04-27T20:47:32.644Z [info]: Auto saving skipped: Outside operating hours (07:00 - 22:00)
2025-04-27T20:48:32.648Z [info]: Auto saving skipped: Outside operating hours (07:00 - 22:00)
2025-04-27T20:49:32.658Z [info]: Auto saving skipped: Outside operating hours (07:00 - 22:00)
2025-04-27T20:50:32.669Z [info]: Auto saving skipped: Outside operating hours (07:00 - 22:00)
2025-04-27T20:51:32.671Z [info]: Auto saving skipped: Outside operating hours (07:00 - 22:00)
2025-04-27T20:52:32.692Z [info]: Auto saving skipped: Outside operating hours (07:00 - 22:00)
2025-04-27T20:53:32.685Z [info]: Auto saving skipped: Outside operating hours (07:00 - 22:00)
2025-04-27T20:54:32.705Z [info]: Auto saving skipped: Outside operating hours (07:00 - 22:00)
2025-04-27T20:55:32.712Z [info]: Auto saving skipped: Outside operating hours (07:00 - 22:00)
2025-04-27T20:56:32.718Z [info]: Auto saving skipped: Outside operating hours (07:00 - 22:00)
2025-04-27T20:57:32.728Z [info]: Auto saving skipped: Outside operating hours (07:00 - 22:00)
2025-04-27T20:58:32.738Z [info]: Auto saving skipped: Outside operating hours (07:00 - 22:00)
2025-04-27T20:59:32.740Z [info]: Auto saving skipped: Outside operating hours (07:00 - 22:00)
2025-04-27T21:00:32.745Z [info]: Auto saving skipped: Outside operating hours (07:00 - 22:00)
2025-04-27T21:01:32.746Z [info]: Auto saving skipped: Outside operating hours (07:00 - 22:00)
2025-04-27T21:02:32.748Z [info]: Auto saving skipped: Outside operating hours (07:00 - 22:00)
2025-04-27T21:03:32.751Z [info]: Auto saving skipped: Outside operating hours (07:00 - 22:00)
2025-04-27T21:04:32.751Z [info]: Auto saving skipped: Outside operating hours (07:00 - 22:00)
2025-04-27T21:05:32.765Z [info]: Auto saving skipped: Outside operating hours (07:00 - 22:00)
2025-04-27T21:06:32.776Z [info]: Auto saving skipped: Outside operating hours (07:00 - 22:00)
2025-04-27T21:07:32.783Z [info]: Auto saving skipped: Outside operating hours (07:00 - 22:00)
2025-04-27T21:08:32.783Z [info]: Auto saving skipped: Outside operating hours (07:00 - 22:00)
2025-04-27T21:09:32.793Z [info]: Auto saving skipped: Outside operating hours (07:00 - 22:00)
2025-04-27T21:10:32.802Z [info]: Auto saving skipped: Outside operating hours (07:00 - 22:00)
2025-04-27T21:11:32.823Z [info]: Auto saving skipped: Outside operating hours (07:00 - 22:00)
2025-04-27T21:12:32.843Z [info]: Auto saving skipped: Outside operating hours (07:00 - 22:00)
2025-04-27T21:13:32.846Z [info]: Auto saving skipped: Outside operating hours (07:00 - 22:00)
2025-04-27T21:14:32.859Z [info]: Auto saving skipped: Outside operating hours (07:00 - 22:00)
2025-04-27T21:15:32.869Z [info]: Auto saving skipped: Outside operating hours (07:00 - 22:00)
2025-04-27T21:16:32.870Z [info]: Auto saving skipped: Outside operating hours (07:00 - 22:00)
2025-04-27T21:17:32.880Z [info]: Auto saving skipped: Outside operating hours (07:00 - 22:00)
2025-04-27T21:18:32.881Z [info]: Auto saving skipped: Outside operating hours (07:00 - 22:00)
2025-04-27T21:19:32.884Z [info]: Auto saving skipped: Outside operating hours (07:00 - 22:00)
2025-04-27T21:20:32.884Z [info]: Auto saving skipped: Outside operating hours (07:00 - 22:00)
2025-04-27T21:21:32.906Z [info]: Auto saving skipped: Outside operating hours (07:00 - 22:00)
2025-04-27T21:22:32.915Z [info]: Auto saving skipped: Outside operating hours (07:00 - 22:00)
2025-04-27T21:23:32.915Z [info]: Auto saving skipped: Outside operating hours (07:00 - 22:00)
2025-04-27T21:24:32.916Z [info]: Auto saving skipped: Outside operating hours (07:00 - 22:00)
2025-04-27T21:25:32.918Z [info]: Auto saving skipped: Outside operating hours (07:00 - 22:00)
2025-04-27T21:26:32.931Z [info]: Auto saving skipped: Outside operating hours (07:00 - 22:00)
2025-04-27T21:27:32.943Z [info]: Auto saving skipped: Outside operating hours (07:00 - 22:00)
2025-04-27T21:28:32.945Z [info]: Auto saving skipped: Outside operating hours (07:00 - 22:00)
2025-04-27T21:29:32.965Z [info]: Auto saving skipped: Outside operating hours (07:00 - 22:00)
2025-04-27T21:30:32.961Z [info]: Auto saving skipped: Outside operating hours (07:00 - 22:00)
2025-04-27T21:31:32.970Z [info]: Auto saving skipped: Outside operating hours (07:00 - 22:00)
2025-04-27T21:32:32.970Z [info]: Auto saving skipped: Outside operating hours (07:00 - 22:00)
2025-04-27T21:33:32.984Z [info]: Auto saving skipped: Outside operating hours (07:00 - 22:00)
2025-04-27T21:34:32.988Z [info]: Auto saving skipped: Outside operating hours (07:00 - 22:00)
2025-04-27T21:35:32.995Z [info]: Auto saving skipped: Outside operating hours (07:00 - 22:00)
2025-04-27T21:36:33.012Z [info]: Auto saving skipped: Outside operating hours (07:00 - 22:00)
2025-04-27T21:37:33.014Z [info]: Auto saving skipped: Outside operating hours (07:00 - 22:00)
2025-04-27T21:38:33.014Z [info]: Auto saving skipped: Outside operating hours (07:00 - 22:00)
2025-04-27T21:39:33.031Z [info]: Auto saving skipped: Outside operating hours (07:00 - 22:00)
2025-04-27T21:40:33.050Z [info]: Auto saving skipped: Outside operating hours (07:00 - 22:00)
2025-04-27T21:41:33.054Z [info]: Auto saving skipped: Outside operating hours (07:00 - 22:00)
2025-04-27T21:42:33.056Z [info]: Auto saving skipped: Outside operating hours (07:00 - 22:00)
2025-04-27T21:43:33.074Z [info]: Auto saving skipped: Outside operating hours (07:00 - 22:00)
2025-04-27T21:44:33.082Z [info]: Auto saving skipped: Outside operating hours (07:00 - 22:00)
2025-04-27T21:45:33.084Z [info]: Auto saving skipped: Outside operating hours (07:00 - 22:00)
2025-04-27T21:46:33.090Z [info]: Auto saving skipped: Outside operating hours (07:00 - 22:00)
2025-04-27T21:47:33.109Z [info]: Auto saving skipped: Outside operating hours (07:00 - 22:00)
2025-04-27T21:48:33.114Z [info]: Auto saving skipped: Outside operating hours (07:00 - 22:00)
2025-04-27T21:49:33.116Z [info]: Auto saving skipped: Outside operating hours (07:00 - 22:00)
2025-04-27T21:50:33.124Z [info]: Auto saving skipped: Outside operating hours (07:00 - 22:00)
2025-04-27T21:51:33.123Z [info]: Auto saving skipped: Outside operating hours (07:00 - 22:00)
2025-04-27T21:52:33.125Z [info]: Auto saving skipped: Outside operating hours (07:00 - 22:00)
2025-04-27T21:53:33.130Z [info]: Auto saving skipped: Outside operating hours (07:00 - 22:00)
2025-04-27T21:54:33.140Z [info]: Auto saving skipped: Outside operating hours (07:00 - 22:00)
2025-04-27T21:55:33.150Z [info]: Auto saving skipped: Outside operating hours (07:00 - 22:00)
2025-04-27T21:56:33.161Z [info]: Auto saving skipped: Outside operating hours (07:00 - 22:00)
2025-04-27T21:57:33.171Z [info]: Auto saving skipped: Outside operating hours (07:00 - 22:00)
2025-04-27T21:58:33.178Z [info]: Auto saving skipped: Outside operating hours (07:00 - 22:00)
2025-04-27T21:59:33.178Z [info]: Auto saving skipped: Outside operating hours (07:00 - 22:00)
2025-04-27T22:00:33.182Z [info]: Auto saving skipped: Outside operating hours (07:00 - 22:00)
2025-04-27T22:01:33.182Z [info]: Auto saving skipped: Outside operating hours (07:00 - 22:00)
2025-04-27T22:02:33.189Z [info]: Auto saving skipped: Outside operating hours (07:00 - 22:00)
2025-04-27T22:03:33.190Z [info]: Auto saving skipped: Outside operating hours (07:00 - 22:00)
2025-04-27T22:04:33.197Z [info]: Auto saving skipped: Outside operating hours (07:00 - 22:00)
2025-04-27T22:05:33.196Z [info]: Auto saving skipped: Outside operating hours (07:00 - 22:00)
2025-04-27T22:06:33.198Z [info]: Auto saving skipped: Outside operating hours (07:00 - 22:00)
2025-04-27T22:07:33.203Z [info]: Auto saving skipped: Outside operating hours (07:00 - 22:00)
2025-04-27T22:08:33.209Z [info]: Auto saving skipped: Outside operating hours (07:00 - 22:00)
2025-04-27T22:09:33.212Z [info]: Auto saving skipped: Outside operating hours (07:00 - 22:00)
2025-04-27T22:10:33.235Z [info]: Auto saving skipped: Outside operating hours (07:00 - 22:00)
2025-04-27T22:11:33.238Z [info]: Auto saving skipped: Outside operating hours (07:00 - 22:00)
2025-04-27T22:12:33.241Z [info]: Auto saving skipped: Outside operating hours (07:00 - 22:00)
2025-04-27T22:13:33.246Z [info]: Auto saving skipped: Outside operating hours (07:00 - 22:00)
2025-04-27T22:14:33.249Z [info]: Auto saving skipped: Outside operating hours (07:00 - 22:00)
2025-04-27T22:15:33.249Z [info]: Auto saving skipped: Outside operating hours (07:00 - 22:00)
2025-04-27T22:16:33.249Z [info]: Auto saving skipped: Outside operating hours (07:00 - 22:00)
2025-04-27T22:17:33.257Z [info]: Auto saving skipped: Outside operating hours (07:00 - 22:00)
2025-04-27T22:18:33.259Z [info]: Auto saving skipped: Outside operating hours (07:00 - 22:00)
2025-04-27T22:19:33.261Z [info]: Auto saving skipped: Outside operating hours (07:00 - 22:00)
2025-04-27T22:20:33.263Z [info]: Auto saving skipped: Outside operating hours (07:00 - 22:00)
2025-04-27T22:21:33.263Z [info]: Auto saving skipped: Outside operating hours (07:00 - 22:00)
2025-04-27T22:22:33.267Z [info]: Auto saving skipped: Outside operating hours (07:00 - 22:00)
2025-04-27T22:23:33.281Z [info]: Auto saving skipped: Outside operating hours (07:00 - 22:00)
2025-04-27T22:24:33.293Z [info]: Auto saving skipped: Outside operating hours (07:00 - 22:00)
2025-04-27T22:25:33.286Z [info]: Auto saving skipped: Outside operating hours (07:00 - 22:00)
2025-04-27T22:26:33.306Z [info]: Auto saving skipped: Outside operating hours (07:00 - 22:00)
2025-04-27T22:27:33.313Z [info]: Auto saving skipped: Outside operating hours (07:00 - 22:00)
2025-04-27T22:28:33.325Z [info]: Auto saving skipped: Outside operating hours (07:00 - 22:00)
2025-04-27T22:29:33.330Z [info]: Auto saving skipped: Outside operating hours (07:00 - 22:00)
2025-04-27T22:30:33.339Z [info]: Auto saving skipped: Outside operating hours (07:00 - 22:00)
2025-04-27T22:31:33.340Z [info]: Auto saving skipped: Outside operating hours (07:00 - 22:00)
2025-04-27T22:32:33.353Z [info]: Auto saving skipped: Outside operating hours (07:00 - 22:00)
2025-04-27T22:33:33.357Z [info]: Auto saving skipped: Outside operating hours (07:00 - 22:00)
2025-04-27T22:34:33.367Z [info]: Auto saving skipped: Outside operating hours (07:00 - 22:00)
2025-04-27T22:35:33.368Z [info]: Auto saving skipped: Outside operating hours (07:00 - 22:00)
2025-04-27T22:36:33.363Z [info]: Auto saving skipped: Outside operating hours (07:00 - 22:00)
2025-04-27T22:37:33.371Z [info]: Auto saving skipped: Outside operating hours (07:00 - 22:00)
2025-04-27T22:38:33.375Z [info]: Auto saving skipped: Outside operating hours (07:00 - 22:00)
2025-04-27T22:39:33.378Z [info]: Auto saving skipped: Outside operating hours (07:00 - 22:00)
2025-04-27T22:40:33.385Z [info]: Auto saving skipped: Outside operating hours (07:00 - 22:00)
2025-04-27T22:41:33.398Z [info]: Auto saving skipped: Outside operating hours (07:00 - 22:00)
2025-04-27T22:42:33.408Z [info]: Auto saving skipped: Outside operating hours (07:00 - 22:00)
2025-04-27T22:43:33.415Z [info]: Auto saving skipped: Outside operating hours (07:00 - 22:00)
2025-04-27T22:44:33.432Z [info]: Auto saving skipped: Outside operating hours (07:00 - 22:00)
2025-04-27T22:45:33.439Z [info]: Auto saving skipped: Outside operating hours (07:00 - 22:00)
2025-04-27T22:46:33.450Z [info]: Auto saving skipped: Outside operating hours (07:00 - 22:00)
2025-04-27T22:47:33.451Z [info]: Auto saving skipped: Outside operating hours (07:00 - 22:00)
2025-04-27T22:48:33.462Z [info]: Auto saving skipped: Outside operating hours (07:00 - 22:00)
2025-04-27T22:49:33.466Z [info]: Auto saving skipped: Outside operating hours (07:00 - 22:00)
2025-04-27T22:50:33.485Z [info]: Auto saving skipped: Outside operating hours (07:00 - 22:00)
2025-04-27T22:51:33.498Z [info]: Auto saving skipped: Outside operating hours (07:00 - 22:00)
2025-04-27T22:52:33.507Z [info]: Auto saving skipped: Outside operating hours (07:00 - 22:00)
2025-04-27T22:53:33.507Z [info]: Auto saving skipped: Outside operating hours (07:00 - 22:00)
2025-04-27T22:54:33.512Z [info]: Auto saving skipped: Outside operating hours (07:00 - 22:00)
2025-04-27T22:55:33.512Z [info]: Auto saving skipped: Outside operating hours (07:00 - 22:00)
2025-04-27T22:56:33.524Z [info]: Auto saving skipped: Outside operating hours (07:00 - 22:00)
2025-04-27T22:57:33.532Z [info]: Auto saving skipped: Outside operating hours (07:00 - 22:00)
2025-04-27T22:58:33.539Z [info]: Auto saving skipped: Outside operating hours (07:00 - 22:00)
2025-04-27T22:59:33.556Z [info]: Auto saving skipped: Outside operating hours (07:00 - 22:00)
2025-04-27T23:00:33.572Z [info]: Auto saving skipped: Outside operating hours (07:00 - 22:00)
2025-04-27T23:01:33.579Z [info]: Auto saving skipped: Outside operating hours (07:00 - 22:00)
2025-04-27T23:02:33.587Z [info]: Auto saving skipped: Outside operating hours (07:00 - 22:00)
2025-04-27T23:03:33.587Z [info]: Auto saving skipped: Outside operating hours (07:00 - 22:00)
2025-04-27T23:04:33.597Z [info]: Auto saving skipped: Outside operating hours (07:00 - 22:00)
2025-04-27T23:05:33.599Z [info]: Auto saving skipped: Outside operating hours (07:00 - 22:00)
2025-04-27T23:06:33.612Z [info]: Auto saving skipped: Outside operating hours (07:00 - 22:00)
2025-04-27T23:07:33.624Z [info]: Auto saving skipped: Outside operating hours (07:00 - 22:00)
2025-04-27T23:08:33.628Z [info]: Auto saving skipped: Outside operating hours (07:00 - 22:00)
2025-04-27T23:09:33.643Z [info]: Auto saving skipped: Outside operating hours (07:00 - 22:00)
2025-04-27T23:10:33.652Z [info]: Auto saving skipped: Outside operating hours (07:00 - 22:00)
2025-04-27T23:11:33.665Z [info]: Auto saving skipped: Outside operating hours (07:00 - 22:00)
2025-04-27T23:12:33.665Z [info]: Auto saving skipped: Outside operating hours (07:00 - 22:00)
2025-04-27T23:13:33.666Z [info]: Auto saving skipped: Outside operating hours (07:00 - 22:00)
2025-04-27T23:14:33.667Z [info]: Auto saving skipped: Outside operating hours (07:00 - 22:00)
2025-04-27T23:15:33.679Z [info]: Auto saving skipped: Outside operating hours (07:00 - 22:00)
2025-04-27T23:16:33.701Z [info]: Auto saving skipped: Outside operating hours (07:00 - 22:00)
2025-04-27T23:17:33.712Z [info]: Auto saving skipped: Outside operating hours (07:00 - 22:00)
2025-04-27T23:18:33.725Z [info]: Auto saving skipped: Outside operating hours (07:00 - 22:00)
2025-04-27T23:19:33.730Z [info]: Auto saving skipped: Outside operating hours (07:00 - 22:00)
2025-04-27T23:20:33.743Z [info]: Auto saving skipped: Outside operating hours (07:00 - 22:00)
2025-04-27T23:21:33.748Z [info]: Auto saving skipped: Outside operating hours (07:00 - 22:00)
2025-04-27T23:22:33.748Z [info]: Auto saving skipped: Outside operating hours (07:00 - 22:00)
2025-04-27T23:23:33.753Z [info]: Auto saving skipped: Outside operating hours (07:00 - 22:00)
2025-04-27T23:24:33.768Z [info]: Auto saving skipped: Outside operating hours (07:00 - 22:00)
2025-04-27T23:25:33.782Z [info]: Auto saving skipped: Outside operating hours (07:00 - 22:00)
2025-04-27T23:26:33.787Z [info]: Auto saving skipped: Outside operating hours (07:00 - 22:00)
2025-04-27T23:27:33.788Z [info]: Auto saving skipped: Outside operating hours (07:00 - 22:00)
2025-04-27T23:28:33.789Z [info]: Auto saving skipped: Outside operating hours (07:00 - 22:00)
2025-04-27T23:29:33.801Z [info]: Auto saving skipped: Outside operating hours (07:00 - 22:00)
2025-04-27T23:30:33.809Z [info]: Auto saving skipped: Outside operating hours (07:00 - 22:00)
2025-04-27T23:31:33.821Z [info]: Auto saving skipped: Outside operating hours (07:00 - 22:00)
2025-04-27T23:32:33.826Z [info]: Auto saving skipped: Outside operating hours (07:00 - 22:00)
2025-04-27T23:33:33.827Z [info]: Auto saving skipped: Outside operating hours (07:00 - 22:00)
2025-04-27T23:34:33.845Z [info]: Auto saving skipped: Outside operating hours (07:00 - 22:00)
2025-04-27T23:35:33.840Z [info]: Auto saving skipped: Outside operating hours (07:00 - 22:00)
2025-04-27T23:36:33.853Z [info]: Auto saving skipped: Outside operating hours (07:00 - 22:00)
2025-04-27T23:37:33.854Z [info]: Auto saving skipped: Outside operating hours (07:00 - 22:00)
2025-04-27T23:38:33.859Z [info]: Auto saving skipped: Outside operating hours (07:00 - 22:00)
2025-04-27T23:39:33.871Z [info]: Auto saving skipped: Outside operating hours (07:00 - 22:00)
2025-04-27T23:40:33.882Z [info]: Auto saving skipped: Outside operating hours (07:00 - 22:00)
2025-04-27T23:41:33.883Z [info]: Auto saving skipped: Outside operating hours (07:00 - 22:00)
2025-04-27T23:42:33.888Z [info]: Auto saving skipped: Outside operating hours (07:00 - 22:00)
2025-04-27T23:43:33.896Z [info]: Auto saving skipped: Outside operating hours (07:00 - 22:00)
2025-04-27T23:44:33.902Z [info]: Auto saving skipped: Outside operating hours (07:00 - 22:00)
2025-04-27T23:45:33.905Z [info]: Auto saving skipped: Outside operating hours (07:00 - 22:00)
2025-04-27T23:46:33.910Z [info]: Auto saving skipped: Outside operating hours (07:00 - 22:00)
2025-04-27T23:47:33.919Z [info]: Auto saving skipped: Outside operating hours (07:00 - 22:00)
2025-04-27T23:48:33.927Z [info]: Auto saving skipped: Outside operating hours (07:00 - 22:00)
2025-04-27T23:49:33.927Z [info]: Auto saving skipped: Outside operating hours (07:00 - 22:00)
2025-04-27T23:50:33.937Z [info]: Auto saving skipped: Outside operating hours (07:00 - 22:00)
2025-04-27T23:51:33.948Z [info]: Auto saving skipped: Outside operating hours (07:00 - 22:00)
2025-04-27T23:52:33.956Z [info]: Auto saving skipped: Outside operating hours (07:00 - 22:00)
2025-04-27T23:53:33.974Z [info]: Auto saving skipped: Outside operating hours (07:00 - 22:00)
2025-04-27T23:54:33.975Z [info]: Auto saving skipped: Outside operating hours (07:00 - 22:00)
2025-04-27T23:55:33.988Z [info]: Auto saving skipped: Outside operating hours (07:00 - 22:00)
2025-04-27T23:56:33.994Z [info]: Auto saving skipped: Outside operating hours (07:00 - 22:00)
2025-04-27T23:57:34.000Z [info]: Auto saving skipped: Outside operating hours (07:00 - 22:00)
2025-04-27T23:58:34.002Z [info]: Auto saving skipped: Outside operating hours (07:00 - 22:00)
2025-04-27T23:59:34.014Z [info]: Auto saving skipped: Outside operating hours (07:00 - 22:00)
2025-04-28T00:00:34.017Z [info]: Saving weight to database... Raw weight: ST,NT,+00000.0Kg
2025-04-28T00:00:34.017Z [info]: Received raw weight: ST,NT,+00000.0Kg
2025-04-28T00:00:34.032Z [info]: Data saved to database: {"timestamp":"2025-04-28T00:00:34.000Z","id":26572,"rawWeight":"ST,NT,+00000.0Kg","processedWeight":"0.0"}
2025-04-28T00:01:36.318Z [info]: Saving weight to database... Raw weight: ST,NT,+00000.0Kg
2025-04-28T00:01:36.318Z [info]: Received raw weight: ST,NT,+00000.0Kg
2025-04-28T00:01:36.330Z [info]: Data saved to database: {"timestamp":"2025-04-28T00:01:36.000Z","id":26573,"rawWeight":"ST,NT,+00000.0Kg","processedWeight":"0.0"}
2025-04-28T00:02:36.342Z [info]: Saving weight to database... Raw weight: ST,NT,+00000.0Kg
2025-04-28T00:02:36.343Z [info]: Received raw weight: ST,NT,+00000.0Kg
2025-04-28T00:02:36.354Z [info]: Data saved to database: {"timestamp":"2025-04-28T00:02:36.000Z","id":26574,"rawWeight":"ST,NT,+00000.0Kg","processedWeight":"0.0"}
2025-04-28T00:03:36.342Z [info]: Saving weight to database... Raw weight: ST,NT,+00000.0Kg
2025-04-28T00:03:36.343Z [info]: Received raw weight: ST,NT,+00000.0Kg
2025-04-28T00:03:36.352Z [info]: Data saved to database: {"timestamp":"2025-04-28T00:03:36.000Z","id":26575,"rawWeight":"ST,NT,+00000.0Kg","processedWeight":"0.0"}
2025-04-28T00:04:36.345Z [info]: Saving weight to database... Raw weight: ST,NT,+00000.0Kg
2025-04-28T00:04:36.346Z [info]: Received raw weight: ST,NT,+00000.0Kg
2025-04-28T00:04:36.356Z [info]: Data saved to database: {"timestamp":"2025-04-28T00:04:36.000Z","id":26576,"rawWeight":"ST,NT,+00000.0Kg","processedWeight":"0.0"}
2025-04-28T00:05:36.346Z [info]: Saving weight to database... Raw weight: ST,NT,+00000.0Kg
2025-04-28T00:05:36.346Z [info]: Received raw weight: ST,NT,+00000.0Kg
2025-04-28T00:05:36.385Z [info]: Data saved to database: {"timestamp":"2025-04-28T00:05:36.000Z","id":26577,"rawWeight":"ST,NT,+00000.0Kg","processedWeight":"0.0"}
2025-04-28T00:06:36.355Z [info]: Saving weight to database... Raw weight: ST,NT,+00000.0Kg
2025-04-28T00:06:36.355Z [info]: Received raw weight: ST,NT,+00000.0Kg
2025-04-28T00:06:36.364Z [info]: Data saved to database: {"timestamp":"2025-04-28T00:06:36.000Z","id":26578,"rawWeight":"ST,NT,+00000.0Kg","processedWeight":"0.0"}
2025-04-28T00:07:36.355Z [info]: Saving weight to database... Raw weight: ST,NT,+00000.0Kg
2025-04-28T00:07:36.355Z [info]: Received raw weight: ST,NT,+00000.0Kg
2025-04-28T00:07:36.366Z [info]: Data saved to database: {"timestamp":"2025-04-28T00:07:36.000Z","id":26579,"rawWeight":"ST,NT,+00000.0Kg","processedWeight":"0.0"}
2025-04-28T00:08:36.369Z [info]: Saving weight to database... Raw weight: ST,NT,+00000.0Kg
2025-04-28T00:08:36.370Z [info]: Received raw weight: ST,NT,+00000.0Kg
2025-04-28T00:08:36.380Z [info]: Data saved to database: {"timestamp":"2025-04-28T00:08:36.000Z","id":26580,"rawWeight":"ST,NT,+00000.0Kg","processedWeight":"0.0"}
2025-04-28T00:09:36.371Z [info]: Saving weight to database... Raw weight: ST,NT,+00000.0Kg
2025-04-28T00:09:36.372Z [info]: Received raw weight: ST,NT,+00000.0Kg
2025-04-28T00:09:36.380Z [info]: Data saved to database: {"timestamp":"2025-04-28T00:09:36.000Z","id":26581,"rawWeight":"ST,NT,+00000.0Kg","processedWeight":"0.0"}
2025-04-28T00:10:36.374Z [info]: Saving weight to database... Raw weight: ST,NT,+00000.0Kg
2025-04-28T00:10:36.374Z [info]: Received raw weight: ST,NT,+00000.0Kg
2025-04-28T00:10:36.381Z [info]: Data saved to database: {"timestamp":"2025-04-28T00:10:36.000Z","id":26582,"rawWeight":"ST,NT,+00000.0Kg","processedWeight":"0.0"}
2025-04-28T00:11:36.365Z [info]: Saving weight to database... Raw weight: ST,NT,+00000.0Kg
2025-04-28T00:11:36.366Z [info]: Received raw weight: ST,NT,+00000.0Kg
2025-04-28T00:11:36.377Z [info]: Data saved to database: {"timestamp":"2025-04-28T00:11:36.000Z","id":26583,"rawWeight":"ST,NT,+00000.0Kg","processedWeight":"0.0"}
2025-04-28T00:12:36.393Z [info]: Saving weight to database... Raw weight: ST,NT,+00000.0Kg
2025-04-28T00:12:36.393Z [info]: Received raw weight: ST,NT,+00000.0Kg
2025-04-28T00:12:36.402Z [info]: Data saved to database: {"timestamp":"2025-04-28T00:12:36.000Z","id":26584,"rawWeight":"ST,NT,+00000.0Kg","processedWeight":"0.0"}
2025-04-28T00:13:36.413Z [info]: Saving weight to database... Raw weight: ST,NT,+00000.0Kg
2025-04-28T00:13:36.414Z [info]: Received raw weight: ST,NT,+00000.0Kg
2025-04-28T00:13:36.426Z [info]: Data saved to database: {"timestamp":"2025-04-28T00:13:36.000Z","id":26585,"rawWeight":"ST,NT,+00000.0Kg","processedWeight":"0.0"}
2025-04-28T00:14:36.418Z [info]: Saving weight to database... Raw weight: ST,NT,+00000.0Kg
2025-04-28T00:14:36.418Z [info]: Received raw weight: ST,NT,+00000.0Kg
2025-04-28T00:14:36.428Z [info]: Data saved to database: {"timestamp":"2025-04-28T00:14:36.000Z","id":26586,"rawWeight":"ST,NT,+00000.0Kg","processedWeight":"0.0"}
2025-04-28T00:15:36.429Z [info]: Saving weight to database... Raw weight: ST,NT,+00000.0Kg
2025-04-28T00:15:36.429Z [info]: Received raw weight: ST,NT,+00000.0Kg
2025-04-28T00:15:36.440Z [info]: Data saved to database: {"timestamp":"2025-04-28T00:15:36.000Z","id":26587,"rawWeight":"ST,NT,+00000.0Kg","processedWeight":"0.0"}
2025-04-28T00:16:36.434Z [info]: Saving weight to database... Raw weight: ST,NT,+00000.0Kg
2025-04-28T00:16:36.435Z [info]: Received raw weight: ST,NT,+00000.0Kg
2025-04-28T00:16:36.445Z [info]: Data saved to database: {"timestamp":"2025-04-28T00:16:36.000Z","id":26588,"rawWeight":"ST,NT,+00000.0Kg","processedWeight":"0.0"}
2025-04-28T00:17:36.434Z [info]: Saving weight to database... Raw weight: ST,NT,+00000.0Kg
2025-04-28T00:17:36.434Z [info]: Received raw weight: ST,NT,+00000.0Kg
2025-04-28T00:17:36.445Z [info]: Data saved to database: {"timestamp":"2025-04-28T00:17:36.000Z","id":26589,"rawWeight":"ST,NT,+00000.0Kg","processedWeight":"0.0"}
2025-04-28T00:18:36.437Z [info]: Saving weight to database... Raw weight: ST,NT,+00000.0Kg
2025-04-28T00:18:36.438Z [info]: Received raw weight: ST,NT,+00000.0Kg
2025-04-28T00:18:36.490Z [info]: Data saved to database: {"timestamp":"2025-04-28T00:18:36.000Z","id":26590,"rawWeight":"ST,NT,+00000.0Kg","processedWeight":"0.0"}
2025-04-28T00:19:36.438Z [info]: Saving weight to database... Raw weight: ST,NT,+00000.0Kg
2025-04-28T00:19:36.438Z [info]: Received raw weight: ST,NT,+00000.0Kg
2025-04-28T00:19:36.447Z [info]: Data saved to database: {"timestamp":"2025-04-28T00:19:36.000Z","id":26591,"rawWeight":"ST,NT,+00000.0Kg","processedWeight":"0.0"}
2025-04-28T00:20:36.438Z [info]: Saving weight to database... Raw weight: ST,NT,+00000.0Kg
2025-04-28T00:20:36.438Z [info]: Received raw weight: ST,NT,+00000.0Kg
2025-04-28T00:20:36.475Z [info]: Data saved to database: {"timestamp":"2025-04-28T00:20:36.000Z","id":26592,"rawWeight":"ST,NT,+00000.0Kg","processedWeight":"0.0"}
2025-04-28T00:21:36.440Z [info]: Saving weight to database... Raw weight: ST,NT,+00000.0Kg
2025-04-28T00:21:36.440Z [info]: Received raw weight: ST,NT,+00000.0Kg
2025-04-28T00:21:36.451Z [info]: Data saved to database: {"timestamp":"2025-04-28T00:21:36.000Z","id":26593,"rawWeight":"ST,NT,+00000.0Kg","processedWeight":"0.0"}
2025-04-28T00:22:36.459Z [info]: Saving weight to database... Raw weight: ST,NT,+00000.0Kg
2025-04-28T00:22:36.459Z [info]: Received raw weight: ST,NT,+00000.0Kg
2025-04-28T00:22:36.469Z [info]: Data saved to database: {"timestamp":"2025-04-28T00:22:36.000Z","id":26594,"rawWeight":"ST,NT,+00000.0Kg","processedWeight":"0.0"}
2025-04-28T00:23:36.464Z [info]: Saving weight to database... Raw weight: ST,NT,+00000.0Kg
2025-04-28T00:23:36.465Z [info]: Received raw weight: ST,NT,+00000.0Kg
2025-04-28T00:23:36.475Z [info]: Data saved to database: {"timestamp":"2025-04-28T00:23:36.000Z","id":26595,"rawWeight":"ST,NT,+00000.0Kg","processedWeight":"0.0"}
2025-04-28T00:24:36.468Z [info]: Saving weight to database... Raw weight: ST,NT,+00000.0Kg
2025-04-28T00:24:36.469Z [info]: Received raw weight: ST,NT,+00000.0Kg
2025-04-28T00:24:36.479Z [info]: Data saved to database: {"timestamp":"2025-04-28T00:24:36.000Z","id":26596,"rawWeight":"ST,NT,+00000.0Kg","processedWeight":"0.0"}
2025-04-28T00:25:36.475Z [info]: Saving weight to database... Raw weight: ST,NT,+00000.0Kg
2025-04-28T00:25:36.476Z [info]: Received raw weight: ST,NT,+00000.0Kg
2025-04-28T00:25:36.484Z [info]: Data saved to database: {"timestamp":"2025-04-28T00:25:36.000Z","id":26597,"rawWeight":"ST,NT,+00000.0Kg","processedWeight":"0.0"}
2025-04-28T00:26:36.488Z [info]: Saving weight to database... Raw weight: ST,NT,+00000.0Kg
2025-04-28T00:26:36.488Z [info]: Received raw weight: ST,NT,+00000.0Kg
2025-04-28T00:26:36.498Z [info]: Data saved to database: {"timestamp":"2025-04-28T00:26:36.000Z","id":26598,"rawWeight":"ST,NT,+00000.0Kg","processedWeight":"0.0"}
2025-04-28T00:27:36.497Z [info]: Saving weight to database... Raw weight: ST,NT,+00000.0Kg
2025-04-28T00:27:36.497Z [info]: Received raw weight: ST,NT,+00000.0Kg
2025-04-28T00:27:36.507Z [info]: Data saved to database: {"timestamp":"2025-04-28T00:27:36.000Z","id":26599,"rawWeight":"ST,NT,+00000.0Kg","processedWeight":"0.0"}
2025-04-28T00:28:36.509Z [info]: Saving weight to database... Raw weight: ST,NT,+00000.0Kg
2025-04-28T00:28:36.509Z [info]: Received raw weight: ST,NT,+00000.0Kg
2025-04-28T00:28:36.519Z [info]: Data saved to database: {"timestamp":"2025-04-28T00:28:36.000Z","id":26600,"rawWeight":"ST,NT,+00000.0Kg","processedWeight":"0.0"}
2025-04-28T00:29:36.516Z [info]: Saving weight to database... Raw weight: ST,NT,+00000.0Kg
2025-04-28T00:29:36.516Z [info]: Received raw weight: ST,NT,+00000.0Kg
2025-04-28T00:29:36.527Z [info]: Data saved to database: {"timestamp":"2025-04-28T00:29:36.000Z","id":26601,"rawWeight":"ST,NT,+00000.0Kg","processedWeight":"0.0"}
2025-04-28T00:30:36.539Z [info]: Saving weight to database... Raw weight: ST,NT,+00000.0Kg
2025-04-28T00:30:36.539Z [info]: Received raw weight: ST,NT,+00000.0Kg
2025-04-28T00:30:36.550Z [info]: Data saved to database: {"timestamp":"2025-04-28T00:30:36.000Z","id":26602,"rawWeight":"ST,NT,+00000.0Kg","processedWeight":"0.0"}
2025-04-28T00:31:36.539Z [info]: Saving weight to database... Raw weight: ST,NT,+00000.0Kg
2025-04-28T00:31:36.540Z [info]: Received raw weight: ST,NT,+00000.0Kg
2025-04-28T00:31:36.547Z [info]: Data saved to database: {"timestamp":"2025-04-28T00:31:36.000Z","id":26603,"rawWeight":"ST,NT,+00000.0Kg","processedWeight":"0.0"}
2025-04-28T00:32:36.548Z [info]: Saving weight to database... Raw weight: ST,NT,+00000.0Kg
2025-04-28T00:32:36.549Z [info]: Received raw weight: ST,NT,+00000.0Kg
2025-04-28T00:32:36.557Z [info]: Data saved to database: {"timestamp":"2025-04-28T00:32:36.000Z","id":26604,"rawWeight":"ST,NT,+00000.0Kg","processedWeight":"0.0"}
2025-04-28T00:33:36.562Z [info]: Saving weight to database... Raw weight: ST,NT,+00000.0Kg
2025-04-28T00:33:36.562Z [info]: Received raw weight: ST,NT,+00000.0Kg
2025-04-28T00:33:36.565Z [info]: Data saved to database: {"timestamp":"2025-04-28T00:33:36.000Z","id":26605,"rawWeight":"ST,NT,+00000.0Kg","processedWeight":"0.0"}
2025-04-28T00:34:36.570Z [info]: Saving weight to database... Raw weight: ST,NT,+00000.0Kg
2025-04-28T00:34:36.570Z [info]: Received raw weight: ST,NT,+00000.0Kg
2025-04-28T00:34:36.579Z [info]: Data saved to database: {"timestamp":"2025-04-28T00:34:36.000Z","id":26606,"rawWeight":"ST,NT,+00000.0Kg","processedWeight":"0.0"}
2025-04-28T00:35:36.575Z [info]: Saving weight to database... Raw weight: ST,NT,+00000.0Kg
2025-04-28T00:35:36.575Z [info]: Received raw weight: ST,NT,+00000.0Kg
2025-04-28T00:35:36.671Z [info]: Data saved to database: {"timestamp":"2025-04-28T00:35:36.000Z","id":26607,"rawWeight":"ST,NT,+00000.0Kg","processedWeight":"0.0"}
2025-04-28T00:36:36.585Z [info]: Saving weight to database... Raw weight: ST,NT,+00000.0Kg
2025-04-28T00:36:36.585Z [info]: Received raw weight: ST,NT,+00000.0Kg
2025-04-28T00:36:36.593Z [info]: Data saved to database: {"timestamp":"2025-04-28T00:36:36.000Z","id":26608,"rawWeight":"ST,NT,+00000.0Kg","processedWeight":"0.0"}
2025-04-28T00:37:36.585Z [info]: Saving weight to database... Raw weight: ST,NT,+00000.0Kg
2025-04-28T00:37:36.585Z [info]: Received raw weight: ST,NT,+00000.0Kg
2025-04-28T00:37:36.593Z [info]: Data saved to database: {"timestamp":"2025-04-28T00:37:36.000Z","id":26609,"rawWeight":"ST,NT,+00000.0Kg","processedWeight":"0.0"}
2025-04-28T00:38:36.596Z [info]: Saving weight to database... Raw weight: ST,NT,+00000.0Kg
2025-04-28T00:38:36.596Z [info]: Received raw weight: ST,NT,+00000.0Kg
2025-04-28T00:38:36.604Z [info]: Data saved to database: {"timestamp":"2025-04-28T00:38:36.000Z","id":26610,"rawWeight":"ST,NT,+00000.0Kg","processedWeight":"0.0"}
2025-04-28T00:39:36.613Z [info]: Saving weight to database... Raw weight: ST,NT,+00000.0Kg
2025-04-28T00:39:36.614Z [info]: Received raw weight: ST,NT,+00000.0Kg
2025-04-28T00:39:36.622Z [info]: Data saved to database: {"timestamp":"2025-04-28T00:39:36.000Z","id":26611,"rawWeight":"ST,NT,+00000.0Kg","processedWeight":"0.0"}
2025-04-28T00:40:36.633Z [info]: Saving weight to database... Raw weight: ST,NT,+00000.0Kg
2025-04-28T00:40:36.634Z [info]: Received raw weight: ST,NT,+00000.0Kg
2025-04-28T00:40:36.641Z [info]: Data saved to database: {"timestamp":"2025-04-28T00:40:36.000Z","id":26612,"rawWeight":"ST,NT,+00000.0Kg","processedWeight":"0.0"}
2025-04-28T00:41:36.634Z [info]: Saving weight to database... Raw weight: ST,NT,+00000.0Kg
2025-04-28T00:41:36.634Z [info]: Received raw weight: ST,NT,+00000.0Kg
2025-04-28T00:41:36.645Z [info]: Data saved to database: {"timestamp":"2025-04-28T00:41:36.000Z","id":26613,"rawWeight":"ST,NT,+00000.0Kg","processedWeight":"0.0"}
2025-04-28T00:42:36.647Z [info]: Saving weight to database... Raw weight: ST,NT,+00000.0Kg
2025-04-28T00:42:36.648Z [info]: Received raw weight: ST,NT,+00000.0Kg
2025-04-28T00:42:36.655Z [info]: Data saved to database: {"timestamp":"2025-04-28T00:42:36.000Z","id":26614,"rawWeight":"ST,NT,+00000.0Kg","processedWeight":"0.0"}
2025-04-28T00:43:36.656Z [info]: Saving weight to database... Raw weight: ST,NT,+00000.0Kg
2025-04-28T00:43:36.656Z [info]: Received raw weight: ST,NT,+00000.0Kg
2025-04-28T00:43:36.667Z [info]: Data saved to database: {"timestamp":"2025-04-28T00:43:36.000Z","id":26615,"rawWeight":"ST,NT,+00000.0Kg","processedWeight":"0.0"}
2025-04-28T00:44:36.667Z [info]: Saving weight to database... Raw weight: ST,NT,+00000.0Kg
2025-04-28T00:44:36.667Z [info]: Received raw weight: ST,NT,+00000.0Kg
2025-04-28T00:44:36.679Z [info]: Data saved to database: {"timestamp":"2025-04-28T00:44:36.000Z","id":26616,"rawWeight":"ST,NT,+00000.0Kg","processedWeight":"0.0"}
2025-04-28T00:45:36.688Z [info]: Saving weight to database... Raw weight: ST,NT,+00000.0Kg
2025-04-28T00:45:36.689Z [info]: Received raw weight: ST,NT,+00000.0Kg
2025-04-28T00:45:36.700Z [info]: Data saved to database: {"timestamp":"2025-04-28T00:45:36.000Z","id":26617,"rawWeight":"ST,NT,+00000.0Kg","processedWeight":"0.0"}
2025-04-28T00:46:36.689Z [info]: Saving weight to database... Raw weight: ST,NT,+00000.0Kg
2025-04-28T00:46:36.690Z [info]: Received raw weight: ST,NT,+00000.0Kg
2025-04-28T00:46:36.700Z [info]: Data saved to database: {"timestamp":"2025-04-28T00:46:36.000Z","id":26618,"rawWeight":"ST,NT,+00000.0Kg","processedWeight":"0.0"}
2025-04-28T00:47:36.692Z [info]: Saving weight to database... Raw weight: ST,NT,+00000.0Kg
2025-04-28T00:47:36.692Z [info]: Received raw weight: ST,NT,+00000.0Kg
2025-04-28T00:47:36.700Z [info]: Data saved to database: {"timestamp":"2025-04-28T00:47:36.000Z","id":26619,"rawWeight":"ST,NT,+00000.0Kg","processedWeight":"0.0"}
2025-04-28T00:48:36.705Z [info]: Saving weight to database... Raw weight: ST,NT,+00000.0Kg
2025-04-28T00:48:36.706Z [info]: Received raw weight: ST,NT,+00000.0Kg
2025-04-28T00:48:36.720Z [info]: Data saved to database: {"timestamp":"2025-04-28T00:48:36.000Z","id":26620,"rawWeight":"ST,NT,+00000.0Kg","processedWeight":"0.0"}
2025-04-28T00:49:36.707Z [info]: Saving weight to database... Raw weight: ST,NT,+00000.0Kg
2025-04-28T00:49:36.707Z [info]: Received raw weight: ST,NT,+00000.0Kg
2025-04-28T00:49:36.716Z [info]: Data saved to database: {"timestamp":"2025-04-28T00:49:36.000Z","id":26621,"rawWeight":"ST,NT,+00000.0Kg","processedWeight":"0.0"}
2025-04-28T00:50:36.706Z [info]: Saving weight to database... Raw weight: ST,NT,+00000.0Kg
2025-04-28T00:50:36.707Z [info]: Received raw weight: ST,NT,+00000.0Kg
2025-04-28T00:50:36.717Z [info]: Data saved to database: {"timestamp":"2025-04-28T00:50:36.000Z","id":26622,"rawWeight":"ST,NT,+00000.0Kg","processedWeight":"0.0"}
2025-04-28T00:51:36.718Z [info]: Saving weight to database... Raw weight: ST,NT,+00000.0Kg
2025-04-28T00:51:36.719Z [info]: Received raw weight: ST,NT,+00000.0Kg
2025-04-28T00:51:36.725Z [info]: Data saved to database: {"timestamp":"2025-04-28T00:51:36.000Z","id":26623,"rawWeight":"ST,NT,+00000.0Kg","processedWeight":"0.0"}
2025-04-28T00:52:36.728Z [info]: Saving weight to database... Raw weight: ST,NT,+00000.0Kg
2025-04-28T00:52:36.729Z [info]: Received raw weight: ST,NT,+00000.0Kg
2025-04-28T00:52:36.739Z [info]: Data saved to database: {"timestamp":"2025-04-28T00:52:36.000Z","id":26624,"rawWeight":"ST,NT,+00000.0Kg","processedWeight":"0.0"}
2025-04-28T00:53:36.738Z [info]: Saving weight to database... Raw weight: ST,NT,+00000.0Kg
ST,NT,+00000.0Kg
ST,NT,+000
2025-04-28T00:53:36.738Z [info]: Received raw weight: ST,NT,+00000.0Kg
ST,NT,+00000.0Kg
ST,NT,+000
2025-04-28T00:53:36.747Z [info]: Data saved to database: {"timestamp":"2025-04-28T00:53:36.000Z","id":26625,"rawWeight":"ST,NT,+00000.0Kg\r\nST,NT,+00000.0Kg\r\nST,NT,+000","processedWeight":"0.0"}
2025-04-28T00:54:36.741Z [info]: Saving weight to database... Raw weight: ST,NT,+00000.0Kg
2025-04-28T00:54:36.741Z [info]: Received raw weight: ST,NT,+00000.0Kg
2025-04-28T00:54:36.749Z [info]: Data saved to database: {"timestamp":"2025-04-28T00:54:36.000Z","id":26626,"rawWeight":"ST,NT,+00000.0Kg","processedWeight":"0.0"}
2025-04-28T00:55:36.760Z [info]: Saving weight to database... Raw weight: ST,NT,+00000.0Kg
2025-04-28T00:55:36.760Z [info]: Received raw weight: ST,NT,+00000.0Kg
2025-04-28T00:55:36.771Z [info]: Data saved to database: {"timestamp":"2025-04-28T00:55:36.000Z","id":26627,"rawWeight":"ST,NT,+00000.0Kg","processedWeight":"0.0"}
2025-04-28T00:56:36.768Z [info]: Saving weight to database... Raw weight: ST,NT,+00000.0Kg
ST,NT,+00000.0Kg
ST,NT,+00000.0Kg
2025-04-28T00:56:36.769Z [info]: Received raw weight: ST,NT,+00000.0Kg
ST,NT,+00000.0Kg
ST,NT,+00000.0Kg
2025-04-28T00:56:36.780Z [info]: Data saved to database: {"timestamp":"2025-04-28T00:56:36.000Z","id":26628,"rawWeight":"ST,NT,+00000.0Kg\r\nST,NT,+00000.0Kg\r\nST,NT,+00000.0Kg","processedWeight":"0.0"}
2025-04-28T00:57:36.788Z [info]: Saving weight to database... Raw weight: ST,NT,+00000.0Kg
2025-04-28T00:57:36.789Z [info]: Received raw weight: ST,NT,+00000.0Kg
2025-04-28T00:57:36.801Z [info]: Data saved to database: {"timestamp":"2025-04-28T00:57:36.000Z","id":26629,"rawWeight":"ST,NT,+00000.0Kg","processedWeight":"0.0"}
2025-04-28T00:58:36.796Z [info]: Saving weight to database... Raw weight: ST,NT,+00000.0Kg
2025-04-28T00:58:36.797Z [info]: Received raw weight: ST,NT,+00000.0Kg
2025-04-28T00:58:36.805Z [info]: Data saved to database: {"timestamp":"2025-04-28T00:58:36.000Z","id":26630,"rawWeight":"ST,NT,+00000.0Kg","processedWeight":"0.0"}
2025-04-28T00:59:36.808Z [info]: Saving weight to database... Raw weight: ST,NT,+00000.0Kg
2025-04-28T00:59:36.808Z [info]: Received raw weight: ST,NT,+00000.0Kg
2025-04-28T00:59:36.863Z [info]: Data saved to database: {"timestamp":"2025-04-28T00:59:36.000Z","id":26631,"rawWeight":"ST,NT,+00000.0Kg","processedWeight":"0.0"}
2025-04-28T01:00:36.812Z [info]: Saving weight to database... Raw weight: ST,NT,+00000.0Kg
2025-04-28T01:00:36.812Z [info]: Received raw weight: ST,NT,+00000.0Kg
2025-04-28T01:00:36.820Z [info]: Data saved to database: {"timestamp":"2025-04-28T01:00:36.000Z","id":26632,"rawWeight":"ST,NT,+00000.0Kg","processedWeight":"0.0"}
2025-04-28T01:01:36.811Z [info]: Saving weight to database... Raw weight: ST,NT,+00000.0Kg
2025-04-28T01:01:36.812Z [info]: Received raw weight: ST,NT,+00000.0Kg
2025-04-28T01:01:36.824Z [info]: Data saved to database: {"timestamp":"2025-04-28T01:01:36.000Z","id":26633,"rawWeight":"ST,NT,+00000.0Kg","processedWeight":"0.0"}
2025-04-28T01:02:36.818Z [info]: Saving weight to database... Raw weight: ST,NT,+00000.0Kg
2025-04-28T01:02:36.819Z [info]: Received raw weight: ST,NT,+00000.0Kg
2025-04-28T01:02:36.829Z [info]: Data saved to database: {"timestamp":"2025-04-28T01:02:36.000Z","id":26634,"rawWeight":"ST,NT,+00000.0Kg","processedWeight":"0.0"}
2025-04-28T01:03:36.818Z [info]: Saving weight to database... Raw weight: ST,NT,+00000.0Kg
2025-04-28T01:03:36.818Z [info]: Received raw weight: ST,NT,+00000.0Kg
2025-04-28T01:03:36.827Z [info]: Data saved to database: {"timestamp":"2025-04-28T01:03:36.000Z","id":26635,"rawWeight":"ST,NT,+00000.0Kg","processedWeight":"0.0"}
2025-04-28T01:04:36.828Z [info]: Saving weight to database... Raw weight: ST,NT,+00000.0Kg
2025-04-28T01:04:36.828Z [info]: Received raw weight: ST,NT,+00000.0Kg
2025-04-28T01:04:36.839Z [info]: Data saved to database: {"timestamp":"2025-04-28T01:04:36.000Z","id":26636,"rawWeight":"ST,NT,+00000.0Kg","processedWeight":"0.0"}
2025-04-28T01:05:36.838Z [info]: Saving weight to database... Raw weight: ST,NT,+00000.0Kg
2025-04-28T01:05:36.839Z [info]: Received raw weight: ST,NT,+00000.0Kg
2025-04-28T01:05:36.846Z [info]: Data saved to database: {"timestamp":"2025-04-28T01:05:36.000Z","id":26637,"rawWeight":"ST,NT,+00000.0Kg","processedWeight":"0.0"}
2025-04-28T01:06:36.840Z [info]: Saving weight to database... Raw weight: ST,NT,+00000.0Kg
2025-04-28T01:06:36.840Z [info]: Received raw weight: ST,NT,+00000.0Kg
2025-04-28T01:06:36.850Z [info]: Data saved to database: {"timestamp":"2025-04-28T01:06:36.000Z","id":26638,"rawWeight":"ST,NT,+00000.0Kg","processedWeight":"0.0"}
2025-04-28T01:07:36.853Z [info]: Saving weight to database... Raw weight: ST,NT,+00000.0Kg
2025-04-28T01:07:36.854Z [info]: Received raw weight: ST,NT,+00000.0Kg
2025-04-28T01:07:36.870Z [info]: Data saved to database: {"timestamp":"2025-04-28T01:07:36.000Z","id":26639,"rawWeight":"ST,NT,+00000.0Kg","processedWeight":"0.0"}
2025-04-28T01:08:36.855Z [info]: Saving weight to database... Raw weight: ST,NT,+00000.0Kg
2025-04-28T01:08:36.855Z [info]: Received raw weight: ST,NT,+00000.0Kg
2025-04-28T01:08:36.867Z [info]: Data saved to database: {"timestamp":"2025-04-28T01:08:36.000Z","id":26640,"rawWeight":"ST,NT,+00000.0Kg","processedWeight":"0.0"}
2025-04-28T01:09:36.859Z [info]: Saving weight to database... Raw weight: ST,NT,+00000.0Kg
2025-04-28T01:09:36.859Z [info]: Received raw weight: ST,NT,+00000.0Kg
2025-04-28T01:09:36.869Z [info]: Data saved to database: {"timestamp":"2025-04-28T01:09:36.000Z","id":26641,"rawWeight":"ST,NT,+00000.0Kg","processedWeight":"0.0"}
2025-04-28T01:10:36.871Z [info]: Saving weight to database... Raw weight: ST,NT,+00000.0Kg
2025-04-28T01:10:36.871Z [info]: Received raw weight: ST,NT,+00000.0Kg
2025-04-28T01:10:36.878Z [info]: Data saved to database: {"timestamp":"2025-04-28T01:10:36.000Z","id":26642,"rawWeight":"ST,NT,+00000.0Kg","processedWeight":"0.0"}
2025-04-28T01:11:36.887Z [info]: Saving weight to database... Raw weight: ST,NT,+00000.0Kg
2025-04-28T01:11:36.888Z [info]: Received raw weight: ST,NT,+00000.0Kg
2025-04-28T01:11:36.899Z [info]: Data saved to database: {"timestamp":"2025-04-28T01:11:36.000Z","id":26643,"rawWeight":"ST,NT,+00000.0Kg","processedWeight":"0.0"}
2025-04-28T01:12:36.889Z [info]: Saving weight to database... Raw weight: ST,NT,+00000.0Kg
2025-04-28T01:12:36.889Z [info]: Received raw weight: ST,NT,+00000.0Kg
2025-04-28T01:12:36.898Z [info]: Data saved to database: {"timestamp":"2025-04-28T01:12:36.000Z","id":26644,"rawWeight":"ST,NT,+00000.0Kg","processedWeight":"0.0"}
2025-04-28T01:13:36.885Z [info]: Saving weight to database... Raw weight: ST,NT,+00000.0Kg
ST,NT,+00000.0Kg
ST,NT,+00000.0Kg
2025-04-28T01:13:36.885Z [info]: Received raw weight: ST,NT,+00000.0Kg
ST,NT,+00000.0Kg
ST,NT,+00000.0Kg
2025-04-28T01:13:36.896Z [info]: Data saved to database: {"timestamp":"2025-04-28T01:13:36.000Z","id":26645,"rawWeight":"ST,NT,+00000.0Kg\r\nST,NT,+00000.0Kg\r\nST,NT,+00000.0Kg","processedWeight":"0.0"}
2025-04-28T01:14:36.902Z [info]: Saving weight to database... Raw weight: ST,NT,+00000.0Kg
2025-04-28T01:14:36.903Z [info]: Received raw weight: ST,NT,+00000.0Kg
2025-04-28T01:14:36.911Z [info]: Data saved to database: {"timestamp":"2025-04-28T01:14:36.000Z","id":26646,"rawWeight":"ST,NT,+00000.0Kg","processedWeight":"0.0"}
2025-04-28T01:15:36.905Z [info]: Saving weight to database... Raw weight: ST,NT,+00000.0Kg
2025-04-28T01:15:36.905Z [info]: Received raw weight: ST,NT,+00000.0Kg
2025-04-28T01:15:36.914Z [info]: Data saved to database: {"timestamp":"2025-04-28T01:15:36.000Z","id":26647,"rawWeight":"ST,NT,+00000.0Kg","processedWeight":"0.0"}
2025-04-28T01:16:36.915Z [info]: Saving weight to database... Raw weight: ST,NT,+00000.0Kg
2025-04-28T01:16:36.915Z [info]: Received raw weight: ST,NT,+00000.0Kg
2025-04-28T01:16:36.927Z [info]: Data saved to database: {"timestamp":"2025-04-28T01:16:36.000Z","id":26648,"rawWeight":"ST,NT,+00000.0Kg","processedWeight":"0.0"}
2025-04-28T01:17:36.902Z [info]: Saving weight to database... Raw weight: ST,NT,+00000.0Kg
2025-04-28T01:17:36.903Z [info]: Received raw weight: ST,NT,+00000.0Kg
2025-04-28T01:17:36.912Z [info]: Data saved to database: {"timestamp":"2025-04-28T01:17:36.000Z","id":26649,"rawWeight":"ST,NT,+00000.0Kg","processedWeight":"0.0"}
2025-04-28T01:18:36.931Z [info]: Saving weight to database... Raw weight: ST,NT,+00000.0Kg
ST,NT,+00000.0Kg
2025-04-28T01:18:36.932Z [info]: Received raw weight: ST,NT,+00000.0Kg
ST,NT,+00000.0Kg
2025-04-28T01:18:36.944Z [info]: Data saved to database: {"timestamp":"2025-04-28T01:18:36.000Z","id":26650,"rawWeight":"ST,NT,+00000.0Kg\r\nST,NT,+00000.0Kg","processedWeight":"0.0"}
2025-04-28T01:19:36.934Z [info]: Saving weight to database... Raw weight: ST,NT,+00000.0Kg
2025-04-28T01:19:36.934Z [info]: Received raw weight: ST,NT,+00000.0Kg
2025-04-28T01:19:36.945Z [info]: Data saved to database: {"timestamp":"2025-04-28T01:19:36.000Z","id":26651,"rawWeight":"ST,NT,+00000.0Kg","processedWeight":"0.0"}
2025-04-28T01:20:36.932Z [info]: Saving weight to database... Raw weight: ST,NT,+00000.0Kg
2025-04-28T01:20:36.932Z [info]: Received raw weight: ST,NT,+00000.0Kg
2025-04-28T01:20:36.943Z [info]: Data saved to database: {"timestamp":"2025-04-28T01:20:36.000Z","id":26652,"rawWeight":"ST,NT,+00000.0Kg","processedWeight":"0.0"}
2025-04-28T01:21:36.948Z [info]: Saving weight to database... Raw weight: ST,NT,+00000.0Kg
2025-04-28T01:21:36.948Z [info]: Received raw weight: ST,NT,+00000.0Kg
2025-04-28T01:21:36.959Z [info]: Data saved to database: {"timestamp":"2025-04-28T01:21:36.000Z","id":26653,"rawWeight":"ST,NT,+00000.0Kg","processedWeight":"0.0"}
2025-04-28T01:22:36.951Z [info]: Saving weight to database... Raw weight: ST,NT,+00000.0Kg
2025-04-28T01:22:36.951Z [info]: Received raw weight: ST,NT,+00000.0Kg
2025-04-28T01:22:36.961Z [info]: Data saved to database: {"timestamp":"2025-04-28T01:22:36.000Z","id":26654,"rawWeight":"ST,NT,+00000.0Kg","processedWeight":"0.0"}
2025-04-28T01:23:36.964Z [info]: Saving weight to database... Raw weight: ST,NT,+00000.0Kg
2025-04-28T01:23:36.964Z [info]: Received raw weight: ST,NT,+00000.0Kg
2025-04-28T01:23:36.975Z [info]: Data saved to database: {"timestamp":"2025-04-28T01:23:36.000Z","id":26655,"rawWeight":"ST,NT,+00000.0Kg","processedWeight":"0.0"}
2025-04-28T01:24:36.978Z [info]: Saving weight to database... Raw weight: ST,NT,+00000.0Kg
2025-04-28T01:24:36.979Z [info]: Received raw weight: ST,NT,+00000.0Kg
2025-04-28T01:24:36.991Z [info]: Data saved to database: {"timestamp":"2025-04-28T01:24:36.000Z","id":26656,"rawWeight":"ST,NT,+00000.0Kg","processedWeight":"0.0"}
2025-04-28T01:25:36.978Z [info]: Saving weight to database... Raw weight: ST,NT,+00000.0Kg
2025-04-28T01:25:36.978Z [info]: Received raw weight: ST,NT,+00000.0Kg
2025-04-28T01:25:36.989Z [info]: Data saved to database: {"timestamp":"2025-04-28T01:25:36.000Z","id":26657,"rawWeight":"ST,NT,+00000.0Kg","processedWeight":"0.0"}
2025-04-28T01:25:59.789Z [info]: Client connected to WebSocket
2025-04-28T01:25:59.845Z [info]: Client connected to WebSocket
2025-04-28T01:25:59.862Z [info]: Client connected to WebSocket
2025-04-28T01:25:59.870Z [info]: Client 21 disconnected.
2025-04-28T01:25:59.870Z [info]: Client disconnected from WebSocket
2025-04-28T01:25:59.876Z [info]: Client connected to WebSocket
2025-04-28T01:26:10.743Z [info]: Client 12 disconnected.
2025-04-28T01:26:10.743Z [info]: Client disconnected from WebSocket
2025-04-28T01:26:10.752Z [info]: Client 13 disconnected.
2025-04-28T01:26:10.752Z [info]: Client disconnected from WebSocket
2025-04-28T01:26:10.766Z [info]: Client 14 disconnected.
2025-04-28T01:26:10.766Z [info]: Client disconnected from WebSocket
2025-04-28T01:26:11.905Z [info]: Client connected to WebSocket
2025-04-28T01:26:11.938Z [info]: Client connected to WebSocket
2025-04-28T01:26:11.951Z [info]: Client connected to WebSocket
2025-04-28T01:26:11.959Z [info]: Client 25 disconnected.
2025-04-28T01:26:11.960Z [info]: Client disconnected from WebSocket
2025-04-28T01:26:11.964Z [info]: Client connected to WebSocket
2025-04-28T01:26:36.980Z [info]: Saving weight to database... Raw weight: ST,NT,+00000.0Kg
2025-04-28T01:26:36.980Z [info]: Received raw weight: ST,NT,+00000.0Kg
2025-04-28T01:26:36.991Z [info]: Data saved to database: {"timestamp":"2025-04-28T01:26:36.000Z","id":26658,"rawWeight":"ST,NT,+00000.0Kg","processedWeight":"0.0"}
2025-04-28T01:27:36.980Z [info]: Saving weight to database... Raw weight: ST,NT,+00000.0Kg
2025-04-28T01:27:36.980Z [info]: Received raw weight: ST,NT,+00000.0Kg
2025-04-28T01:27:36.990Z [info]: Data saved to database: {"timestamp":"2025-04-28T01:27:36.000Z","id":26659,"rawWeight":"ST,NT,+00000.0Kg","processedWeight":"0.0"}
2025-04-28T01:28:36.990Z [info]: Saving weight to database... Raw weight: ST,NT,+00000.0Kg
2025-04-28T01:28:36.991Z [info]: Received raw weight: ST,NT,+00000.0Kg
2025-04-28T01:28:37.000Z [info]: Data saved to database: {"timestamp":"2025-04-28T01:28:36.000Z","id":26660,"rawWeight":"ST,NT,+00000.0Kg","processedWeight":"0.0"}
2025-04-28T01:29:37.001Z [info]: Saving weight to database... Raw weight: ST,NT,+00000.0Kg
2025-04-28T01:29:37.001Z [info]: Received raw weight: ST,NT,+00000.0Kg
2025-04-28T01:29:37.015Z [info]: Data saved to database: {"timestamp":"2025-04-28T01:29:37.000Z","id":26661,"rawWeight":"ST,NT,+00000.0Kg","processedWeight":"0.0"}
2025-04-28T01:30:36.997Z [info]: Saving weight to database... Raw weight: ST,NT,+00000.0Kg
2025-04-28T01:30:36.997Z [info]: Received raw weight: ST,NT,+00000.0Kg
2025-04-28T01:30:37.030Z [info]: Data saved to database: {"timestamp":"2025-04-28T01:30:36.000Z","id":26662,"rawWeight":"ST,NT,+00000.0Kg","processedWeight":"0.0"}
2025-04-28T01:31:37.010Z [info]: Saving weight to database... Raw weight: ST,NT,+00000.0Kg
2025-04-28T01:31:37.010Z [info]: Received raw weight: ST,NT,+00000.0Kg
2025-04-28T01:31:37.020Z [info]: Data saved to database: {"timestamp":"2025-04-28T01:31:37.000Z","id":26663,"rawWeight":"ST,NT,+00000.0Kg","processedWeight":"0.0"}
2025-04-28T01:32:37.025Z [info]: Saving weight to database... Raw weight: ST,NT,+00000.0Kg
2025-04-28T01:32:37.026Z [info]: Received raw weight: ST,NT,+00000.0Kg
2025-04-28T01:32:37.036Z [info]: Data saved to database: {"timestamp":"2025-04-28T01:32:37.000Z","id":26664,"rawWeight":"ST,NT,+00000.0Kg","processedWeight":"0.0"}
2025-04-28T01:33:37.038Z [info]: Saving weight to database... Raw weight: ST,NT,+00000.0Kg
2025-04-28T01:33:37.038Z [info]: Received raw weight: ST,NT,+00000.0Kg
2025-04-28T01:33:37.047Z [info]: Data saved to database: {"timestamp":"2025-04-28T01:33:37.000Z","id":26665,"rawWeight":"ST,NT,+00000.0Kg","processedWeight":"0.0"}
2025-04-28T01:34:37.049Z [info]: Saving weight to database... Raw weight: ST,NT,+00000.0Kg
2025-04-28T01:34:37.050Z [info]: Received raw weight: ST,NT,+00000.0Kg
2025-04-28T01:34:37.059Z [info]: Data saved to database: {"timestamp":"2025-04-28T01:34:37.000Z","id":26666,"rawWeight":"ST,NT,+00000.0Kg","processedWeight":"0.0"}
