2025-05-06T06:57:35.086Z [info]: Starting automatic weight saving every 60 seconds...
2025-05-06T06:57:35.143Z [info]: API server running at http://localhost:3001
2025-05-06T06:57:35.283Z [info]: Database connection successful!
2025-05-06T06:57:35.284Z [error]: Database connection failed: startAutomaticWeightSaving is not a function
2025-05-06T06:57:35.317Z [info]: Database has been synchronized.
2025-05-06T06:57:37.579Z [info]: Fetching weight history for date: 2025-05-06, auto save active: true
2025-05-06T06:57:37.653Z [info]: Found 21 records for date: 2025-05-06
2025-05-06T06:57:38.656Z [info]: Fetching weight history for date: 2025-05-06, auto save active: true
2025-05-06T06:57:38.664Z [info]: Found 21 records for date: 2025-05-06
2025-05-06T06:57:44.310Z [info]: Fetching weight history for date: 2025-05-06, auto save active: true
2025-05-06T06:57:44.318Z [info]: Found 21 records for date: 2025-05-06
2025-05-06T06:58:09.865Z [info]: Fetching weight history for date: 2025-05-06, auto save active: true
2025-05-06T06:58:09.882Z [info]: Found 21 records for date: 2025-05-06
2025-05-06T06:58:09.887Z [info]: Fetching weight history for date: 2025-05-06, auto save active: true
2025-05-06T06:58:09.899Z [info]: Found 21 records for date: 2025-05-06
2025-05-06T06:58:14.872Z [info]: Fetching weight history for date: 2025-05-06, auto save active: true
2025-05-06T06:58:14.879Z [info]: Found 21 records for date: 2025-05-06
2025-05-06T06:58:20.315Z [info]: Fetching weight history for date: 2025-05-06, auto save active: true
2025-05-06T06:58:20.318Z [info]: Found 21 records for date: 2025-05-06
2025-05-06T06:58:25.302Z [info]: Fetching weight history for date: 2025-05-06, auto save active: true
2025-05-06T06:58:25.305Z [info]: Found 21 records for date: 2025-05-06
2025-05-06T06:58:30.310Z [info]: Fetching weight history for date: 2025-05-06, auto save active: true
2025-05-06T06:58:30.313Z [info]: Found 21 records for date: 2025-05-06
2025-05-06T06:58:35.095Z [info]: Saving weight to database... Raw weight: ST,NT,+00000.0Kg
2025-05-06T06:58:35.095Z [info]: Received raw weight: ST,NT,+00000.0Kg
2025-05-06T06:58:35.115Z [info]: Data saved to database: {"timestamp":"2025-05-06T06:58:35.000Z","id":847,"rawWeight":"ST,NT,+00000.0Kg","processedWeight":"0.0"}
2025-05-06T06:58:35.313Z [info]: Fetching weight history for date: 2025-05-06, auto save active: true
2025-05-06T06:58:35.353Z [info]: Found 22 records for date: 2025-05-06
2025-05-06T06:58:40.312Z [info]: Fetching weight history for date: 2025-05-06, auto save active: true
2025-05-06T06:58:40.316Z [info]: Found 22 records for date: 2025-05-06
2025-05-06T06:58:45.313Z [info]: Fetching weight history for date: 2025-05-06, auto save active: true
2025-05-06T06:58:45.317Z [info]: Found 22 records for date: 2025-05-06
2025-05-06T06:58:50.305Z [info]: Fetching weight history for date: 2025-05-06, auto save active: true
2025-05-06T06:58:50.309Z [info]: Found 22 records for date: 2025-05-06
2025-05-06T06:58:55.339Z [info]: Fetching weight history for date: 2025-05-06, auto save active: true
2025-05-06T06:58:55.349Z [info]: Found 22 records for date: 2025-05-06
2025-05-06T06:59:00.357Z [info]: Fetching weight history for date: 2025-05-06, auto save active: true
2025-05-06T06:59:00.391Z [info]: Found 22 records for date: 2025-05-06
2025-05-06T06:59:05.012Z [info]: Fetching weight history for date: 2025-05-06, auto save active: true
2025-05-06T06:59:05.015Z [info]: Found 22 records for date: 2025-05-06
2025-05-06T06:59:10.322Z [info]: Fetching weight history for date: 2025-05-06, auto save active: true
2025-05-06T06:59:10.334Z [info]: Found 22 records for date: 2025-05-06
2025-05-06T06:59:15.316Z [info]: Fetching weight history for date: 2025-05-06, auto save active: true
2025-05-06T06:59:15.334Z [info]: Found 22 records for date: 2025-05-06
2025-05-06T06:59:27.842Z [info]: Fetching weight history for date: 2025-05-06, auto save active: true
2025-05-06T06:59:27.880Z [info]: Found 22 records for date: 2025-05-06
2025-05-06T06:59:29.862Z [info]: Fetching weight history for date: 2025-05-06, auto save active: true
2025-05-06T06:59:29.865Z [info]: Found 22 records for date: 2025-05-06
2025-05-06T06:59:35.106Z [info]: Saving weight to database... Raw weight: ST,NT,+00000.0Kg
2025-05-06T06:59:35.106Z [info]: Received raw weight: ST,NT,+00000.0Kg
2025-05-06T06:59:35.135Z [info]: Data saved to database: {"timestamp":"2025-05-06T06:59:35.000Z","id":848,"rawWeight":"ST,NT,+00000.0Kg","processedWeight":"0.0"}
2025-05-06T06:59:35.306Z [info]: Fetching weight history for date: 2025-05-06, auto save active: true
2025-05-06T06:59:35.310Z [info]: Found 23 records for date: 2025-05-06
2025-05-06T06:59:40.316Z [info]: Fetching weight history for date: 2025-05-06, auto save active: true
2025-05-06T06:59:40.319Z [info]: Found 23 records for date: 2025-05-06
2025-05-06T06:59:45.309Z [info]: Fetching weight history for date: 2025-05-06, auto save active: true
2025-05-06T06:59:45.312Z [info]: Found 23 records for date: 2025-05-06
2025-05-06T06:59:50.305Z [info]: Fetching weight history for date: 2025-05-06, auto save active: true
2025-05-06T06:59:50.308Z [info]: Found 23 records for date: 2025-05-06
2025-05-06T06:59:55.715Z [info]: Fetching weight history for date: 2025-05-06, auto save active: true
2025-05-06T06:59:55.719Z [info]: Found 23 records for date: 2025-05-06
2025-05-06T07:00:00.314Z [info]: Fetching weight history for date: 2025-05-06, auto save active: true
2025-05-06T07:00:00.318Z [info]: Found 23 records for date: 2025-05-06
2025-05-06T07:00:05.307Z [info]: Fetching weight history for date: 2025-05-06, auto save active: true
2025-05-06T07:00:05.313Z [info]: Found 23 records for date: 2025-05-06
2025-05-06T07:00:10.319Z [info]: Fetching weight history for date: 2025-05-06, auto save active: true
2025-05-06T07:00:10.322Z [info]: Found 23 records for date: 2025-05-06
2025-05-06T07:00:15.317Z [info]: Fetching weight history for date: 2025-05-06, auto save active: true
2025-05-06T07:00:15.321Z [info]: Found 23 records for date: 2025-05-06
2025-05-06T07:00:20.314Z [info]: Fetching weight history for date: 2025-05-06, auto save active: true
2025-05-06T07:00:20.321Z [info]: Found 23 records for date: 2025-05-06
2025-05-06T07:00:25.654Z [info]: Fetching weight history for date: 2025-05-06, auto save active: true
2025-05-06T07:00:25.658Z [info]: Found 23 records for date: 2025-05-06
2025-05-06T07:00:35.109Z [info]: Saving weight to database... Raw weight: ST,NT,+00000.0Kg
2025-05-06T07:00:35.110Z [info]: Received raw weight: ST,NT,+00000.0Kg
2025-05-06T07:00:35.117Z [info]: Data saved to database: {"timestamp":"2025-05-06T07:00:35.000Z","id":849,"rawWeight":"ST,NT,+00000.0Kg","processedWeight":"0.0"}
2025-05-06T07:01:06.499Z [info]: Fetching weight history for date: 2025-05-06, auto save active: true
2025-05-06T07:01:06.509Z [info]: Found 24 records for date: 2025-05-06
2025-05-06T07:01:20.707Z [info]: Starting automatic weight saving every 60 seconds...
2025-05-06T07:01:20.740Z [info]: API server running at http://localhost:3001
2025-05-06T07:01:20.872Z [info]: Database connection successful!
2025-05-06T07:01:20.873Z [error]: Database connection failed: startAutomaticWeightSaving is not a function
2025-05-06T07:01:20.884Z [info]: Database has been synchronized.
2025-05-06T07:01:21.293Z [info]: Fetching weight history for date: 2025-05-06, auto save active: true
2025-05-06T07:01:21.336Z [info]: Found 24 records for date: 2025-05-06
2025-05-06T07:01:24.862Z [info]: Fetching weight history for date: 2025-05-06, auto save active: true
2025-05-06T07:01:24.867Z [info]: Found 24 records for date: 2025-05-06
2025-05-06T07:01:30.320Z [info]: Fetching weight history for date: 2025-05-06, auto save active: true
2025-05-06T07:01:30.335Z [info]: Found 24 records for date: 2025-05-06
2025-05-06T07:01:35.314Z [info]: Fetching weight history for date: 2025-05-06, auto save active: true
2025-05-06T07:01:35.318Z [info]: Found 24 records for date: 2025-05-06
2025-05-06T07:01:39.383Z [info]: Client connected to WebSocket
2025-05-06T07:01:39.390Z [info]: Fetching weight history for date: 2025-05-06, auto save active: true
2025-05-06T07:01:39.398Z [info]: Found 24 records for date: 2025-05-06
2025-05-06T07:01:39.418Z [info]: Fetching weight history for date: 2025-05-06, auto save active: true
2025-05-06T07:01:39.432Z [info]: Client connected to WebSocket
2025-05-06T07:01:39.436Z [info]: Found 24 records for date: 2025-05-06
2025-05-06T07:01:39.486Z [info]: Client connected to WebSocket
2025-05-06T07:01:39.490Z [info]: Client 1 disconnected.
2025-05-06T07:01:39.494Z [info]: Client disconnected from WebSocket
2025-05-06T07:01:39.512Z [info]: Client connected to WebSocket
2025-05-06T07:01:44.379Z [info]: Fetching weight history for date: 2025-05-06, auto save active: true
2025-05-06T07:01:44.384Z [info]: Found 24 records for date: 2025-05-06
2025-05-06T07:01:45.320Z [info]: Fetching weight history for date: 2025-05-06, auto save active: true
2025-05-06T07:01:45.325Z [info]: Found 24 records for date: 2025-05-06
2025-05-06T07:01:45.429Z [info]: Fetching weight history for date: 2025-05-06, auto save active: true
2025-05-06T07:01:45.457Z [info]: Found 24 records for date: 2025-05-06
2025-05-06T07:01:48.248Z [info]: Client connected to WebSocket
2025-05-06T07:01:49.387Z [info]: Fetching weight history for date: 2025-05-06, auto save active: true
2025-05-06T07:01:49.395Z [info]: Found 24 records for date: 2025-05-06
2025-05-06T07:01:49.474Z [info]: Client connected to WebSocket
2025-05-06T07:01:49.716Z [info]: Client connected to WebSocket
2025-05-06T07:01:52.687Z [info]: Fetching weight history for date: 2025-05-06, auto save active: true
2025-05-06T07:01:52.691Z [info]: Found 24 records for date: 2025-05-06
2025-05-06T07:01:54.382Z [info]: Fetching weight history for date: 2025-05-06, auto save active: true
2025-05-06T07:01:54.386Z [info]: Found 24 records for date: 2025-05-06
2025-05-06T07:01:57.303Z [info]: Fetching weight history for date: 2025-05-06, auto save active: true
2025-05-06T07:01:57.313Z [info]: Found 24 records for date: 2025-05-06
2025-05-06T07:01:59.378Z [info]: Fetching weight history for date: 2025-05-06, auto save active: true
2025-05-06T07:01:59.382Z [info]: Found 24 records for date: 2025-05-06
2025-05-06T07:02:01.305Z [info]: Fetching weight history for date: 2025-05-06, auto save active: true
2025-05-06T07:02:01.308Z [info]: Found 24 records for date: 2025-05-06
2025-05-06T07:02:04.382Z [info]: Fetching weight history for date: 2025-05-06, auto save active: true
2025-05-06T07:02:04.385Z [info]: Found 24 records for date: 2025-05-06
2025-05-06T07:02:06.319Z [info]: Fetching weight history for date: 2025-05-06, auto save active: true
2025-05-06T07:02:06.322Z [info]: Found 24 records for date: 2025-05-06
2025-05-06T07:02:09.391Z [info]: Fetching weight history for date: 2025-05-06, auto save active: true
2025-05-06T07:02:09.397Z [info]: Found 24 records for date: 2025-05-06
2025-05-06T07:02:11.314Z [info]: Fetching weight history for date: 2025-05-06, auto save active: true
2025-05-06T07:02:11.316Z [info]: Found 24 records for date: 2025-05-06
2025-05-06T07:02:14.382Z [info]: Fetching weight history for date: 2025-05-06, auto save active: true
2025-05-06T07:02:14.385Z [info]: Found 24 records for date: 2025-05-06
2025-05-06T07:02:16.317Z [info]: Fetching weight history for date: 2025-05-06, auto save active: true
2025-05-06T07:02:16.321Z [info]: Found 24 records for date: 2025-05-06
2025-05-06T07:02:19.383Z [info]: Fetching weight history for date: 2025-05-06, auto save active: true
2025-05-06T07:02:19.384Z [info]: Found 24 records for date: 2025-05-06
2025-05-06T07:02:20.724Z [info]: Saving weight to database... Raw weight: ST,NT,+00000.0Kg
2025-05-06T07:02:20.725Z [info]: Received raw weight: ST,NT,+00000.0Kg
2025-05-06T07:02:20.754Z [info]: Data saved to database: {"timestamp":"2025-05-06T07:02:20.000Z","id":850,"rawWeight":"ST,NT,+00000.0Kg","processedWeight":"0.0"}
2025-05-06T07:02:20.757Z [info]: Sent WebSocket update to client 2 for date: 2025-05-06
2025-05-06T07:02:20.759Z [info]: Sent WebSocket update to client 3 for date: 2025-05-06
2025-05-06T07:02:20.763Z [info]: Sent WebSocket update to client 4 for date: 2025-05-06
2025-05-06T07:02:20.764Z [info]: Sent WebSocket update to client 5 for date: 2025-05-06
2025-05-06T07:02:20.764Z [info]: Sent WebSocket update to client 6 for date: 2025-05-06
2025-05-06T07:02:20.767Z [info]: Sent WebSocket update to client 7 for date: 2025-05-06
2025-05-06T07:02:22.439Z [info]: Fetching weight history for date: 2025-05-06, auto save active: true
2025-05-06T07:02:22.442Z [info]: Found 25 records for date: 2025-05-06
2025-05-06T07:02:24.390Z [info]: Fetching weight history for date: 2025-05-06, auto save active: true
2025-05-06T07:02:24.412Z [info]: Found 25 records for date: 2025-05-06
2025-05-06T07:02:26.319Z [info]: Fetching weight history for date: 2025-05-06, auto save active: true
2025-05-06T07:02:26.322Z [info]: Found 25 records for date: 2025-05-06
2025-05-06T07:02:29.373Z [info]: Fetching weight history for date: 2025-05-06, auto save active: true
2025-05-06T07:02:29.375Z [info]: Found 25 records for date: 2025-05-06
2025-05-06T07:02:34.377Z [info]: Fetching weight history for date: 2025-05-06, auto save active: true
2025-05-06T07:02:34.381Z [info]: Found 25 records for date: 2025-05-06
2025-05-06T07:02:39.377Z [info]: Fetching weight history for date: 2025-05-06, auto save active: true
2025-05-06T07:02:39.381Z [info]: Found 25 records for date: 2025-05-06
2025-05-06T07:02:44.382Z [info]: Fetching weight history for date: 2025-05-06, auto save active: true
2025-05-06T07:02:44.385Z [info]: Found 25 records for date: 2025-05-06
2025-05-06T07:02:49.379Z [info]: Fetching weight history for date: 2025-05-06, auto save active: true
2025-05-06T07:02:49.387Z [info]: Found 25 records for date: 2025-05-06
2025-05-06T07:02:54.376Z [info]: Fetching weight history for date: 2025-05-06, auto save active: true
2025-05-06T07:02:54.381Z [info]: Found 25 records for date: 2025-05-06
2025-05-06T07:02:57.183Z [info]: Client 3 disconnected.
2025-05-06T07:02:57.186Z [info]: Client disconnected from WebSocket
2025-05-06T07:02:57.217Z [info]: Fetching daily weight history for date: 2025-05-06
2025-05-06T07:02:57.218Z [info]: Query range: Tue May 06 2025 00:00:00 GMT+0700 (Western Indonesia Time) to Tue May 06 2025 23:59:59 GMT+0700 (Western Indonesia Time)
2025-05-06T07:02:57.222Z [info]: Found 25 records for date: 2025-05-06
2025-05-06T07:02:57.236Z [info]: Fetching daily weight history for date: 2025-05-06
2025-05-06T07:02:57.238Z [info]: Query range: Tue May 06 2025 00:00:00 GMT+0700 (Western Indonesia Time) to Tue May 06 2025 23:59:59 GMT+0700 (Western Indonesia Time)
2025-05-06T07:02:57.248Z [info]: Found 25 records for date: 2025-05-06
2025-05-06T07:03:02.772Z [info]: Fetching daily weight history for date: 2025-05-05
2025-05-06T07:03:02.773Z [info]: Query range: Mon May 05 2025 00:00:00 GMT+0700 (Western Indonesia Time) to Mon May 05 2025 23:59:59 GMT+0700 (Western Indonesia Time)
2025-05-06T07:03:02.778Z [info]: Found 0 records for date: 2025-05-05
2025-05-06T07:03:06.324Z [info]: Fetching weight history for date: 2025-05-06, auto save active: true
2025-05-06T07:03:06.328Z [info]: Found 25 records for date: 2025-05-06
2025-05-06T07:03:07.839Z [info]: Fetching daily weight history for date: 2025-05-02
2025-05-06T07:03:07.840Z [info]: Query range: Fri May 02 2025 00:00:00 GMT+0700 (Western Indonesia Time) to Fri May 02 2025 23:59:59 GMT+0700 (Western Indonesia Time)
2025-05-06T07:03:07.847Z [info]: Found 0 records for date: 2025-05-02
2025-05-06T07:03:11.764Z [info]: Fetching daily weight history for date: 2025-05-01
2025-05-06T07:03:11.767Z [info]: Query range: Thu May 01 2025 00:00:00 GMT+0700 (Western Indonesia Time) to Thu May 01 2025 23:59:59 GMT+0700 (Western Indonesia Time)
2025-05-06T07:03:11.777Z [info]: Found 0 records for date: 2025-05-01
2025-05-06T07:03:14.420Z [info]: Fetching daily weight history for date: 2025-04-30
2025-05-06T07:03:14.423Z [info]: Query range: Wed Apr 30 2025 00:00:00 GMT+0700 (Western Indonesia Time) to Wed Apr 30 2025 23:59:59 GMT+0700 (Western Indonesia Time)
2025-05-06T07:03:14.436Z [info]: Found 307 records for date: 2025-04-30
2025-05-06T07:03:16.448Z [info]: Fetching daily weight history for date: 2025-04-30
2025-05-06T07:03:16.448Z [info]: Query range: Wed Apr 30 2025 00:00:00 GMT+0700 (Western Indonesia Time) to Wed Apr 30 2025 23:59:59 GMT+0700 (Western Indonesia Time)
2025-05-06T07:03:16.454Z [info]: Found 307 records for date: 2025-04-30
2025-05-06T07:03:17.798Z [info]: Fetching weight history for date: 2025-05-06, auto save active: true
2025-05-06T07:03:17.808Z [info]: Found 25 records for date: 2025-05-06
2025-05-06T07:03:17.821Z [info]: Client connected to WebSocket
2025-05-06T07:03:17.838Z [info]: Fetching weight history for date: 2025-05-06, auto save active: true
2025-05-06T07:03:17.842Z [info]: Client connected to WebSocket
2025-05-06T07:03:17.854Z [info]: Found 25 records for date: 2025-05-06
2025-05-06T07:03:17.870Z [info]: Client connected to WebSocket
2025-05-06T07:03:20.729Z [info]: Saving weight to database... Raw weight: ST,NT,+00000.0Kg
2025-05-06T07:03:20.732Z [info]: Received raw weight: ST,NT,+00000.0Kg
2025-05-06T07:03:20.749Z [info]: Data saved to database: {"timestamp":"2025-05-06T07:03:20.000Z","id":851,"rawWeight":"ST,NT,+00000.0Kg","processedWeight":"0.0"}
2025-05-06T07:03:20.750Z [info]: Sent WebSocket update to client 2 for date: 2025-05-06
2025-05-06T07:03:20.750Z [info]: Sent WebSocket update to client 4 for date: 2025-05-06
2025-05-06T07:03:20.751Z [info]: Sent WebSocket update to client 5 for date: 2025-05-06
2025-05-06T07:03:20.751Z [info]: Sent WebSocket update to client 6 for date: 2025-05-06
2025-05-06T07:03:20.752Z [info]: Sent WebSocket update to client 7 for date: 2025-05-06
2025-05-06T07:03:20.753Z [info]: Sent WebSocket update to client 8 for date: 2025-05-06
2025-05-06T07:03:20.754Z [info]: Sent WebSocket update to client 9 for date: 2025-05-06
2025-05-06T07:03:20.754Z [info]: Sent WebSocket update to client 10 for date: 2025-05-06
2025-05-06T07:03:23.126Z [info]: Fetching weight history for date: 2025-05-06, auto save active: true
2025-05-06T07:03:23.132Z [info]: Found 26 records for date: 2025-05-06
2025-05-06T07:03:27.780Z [info]: Fetching weight history for date: 2025-05-06, auto save active: true
2025-05-06T07:03:27.786Z [info]: Found 26 records for date: 2025-05-06
